ABC
3, 3, 6

0.0150493
0.0131364
0.0111131
0.00904811
0.00721491
0.00560009
0.00428263
0.00328614
0.00263722
0.00229446

0.0151067
0.0132233
0.0110825
0.00908752
0.00723865
0.00559058
0.00428074
0.003276
0.0026357
0.00229819

0.015149
0.0132267
0.0110527
0.00908736
0.00719492
0.00557756
0.00427959
0.00330353
0.0026312
0.00229737

0.0150839
0.0131359
0.0110142
0.00905564
0.00720873
0.00558564
0.00428147
0.00329037
0.0026495
0.00229683

0.0151362
0.0132102
0.0111048
0.00906546
0.00721529
0.00558536
0.00429592
0.00330147
0.00263704
0.00230692

0.0150472
0.0131217
0.0110913
0.00906259
0.00722803
0.00559577
0.00426469
0.00329312
0.00262685
0.00229566

0.015149
0.0132032
0.0110274
0.00909961
0.0072111
0.00558903
0.00427333
0.00329205
0.00264537
0.00228791

ABC
3, 3, 6

0.0152122
0.0131197
0.0110924
0.00906814
0.00720553
0.00559982
0.00427006
0.003298
0.00264614
0.00229955

0.0151091
0.0132252
0.011024
0.00907572
0.0072213
0.00558797
0.00427831
0.00330839
0.00263177
0.00230463

0.0151052
0.0131608
0.0110872
0.00906869
0.00721746
0.00561716
0.00427065
0.00329215
0.00264631
0.00229708

0.015048
0.0131571
0.0110628
0.00907235
0.00722655
0.00556957
0.00428081
0.00330353
0.00264263
0.00229737

0.0150839
0.0131434
0.0110387
0.00906155
0.00722424
0.00559844
0.00426887
0.00329671
0.00263535
0.00229386

0.0150938
0.0131303
0.011073
0.00903985
0.0072131
0.00558933
0.00427584
0.00329768
0.00263652
0.00230221

0.0151254
0.0131554
0.0110444
0.00905118
0.00720347
0.00557234
0.00426786
0.00329092
0.00262973
0.00229264

ABC
3, 3, 6

0.0152122
0.0131342
0.0110924
0.00906625
0.00721157
0.00559807
0.00427962
0.00329952
0.00263594
0.00230142

0.0149902
0.0131424
0.0111323
0.00905996
0.00721605
0.00559518
0.00426279
0.00328569
0.00265252
0.00230877

0.015096
0.013058
0.0110603
0.00906878
0.00717789
0.00558004
0.00427964
0.00329854
0.00264506
0.00229848

0.0152071
0.0131717
0.0110555
0.00908736
0.00721293
0.00556957
0.00426389
0.00328657
0.00265317
0.00230377

0.0157849
0.0131384
0.0110464
0.00909099
0.00722138
0.00557916
0.0042736
0.00329671
0.00264173
0.00229909

0.015191
0.0131054
0.0110908
0.00908239
0.00724759
0.00557246
0.00427169
0.00330895
0.00263446
0.00230456

0.0151288
0.0131369
0.0111436
0.00902826
0.00722445
0.00557927
0.00427178
0.00329655
0.00264026
0.00229797

0.0151811
0.0131537
0.0111066
0.00907789
0.00719173
0.00559677
0.00425897
0.0032929
0.00263385
0.00229758

0.0149433
0.0131052
0.0111079
0.00904472
0.00719247
0.00559923
0.00427457
0.00328581
0.0026437
0.00229284

ABC
3, 3, 6

0.0149834
0.0131914
0.0110555
0.00906734
0.00718398
0.00558547
0.00427116
0.00329958
0.0026429
0.00229308

0.0150312
0.0131895
0.0110525
0.00902859
0.00723526
0.00558135
0.00425649
0.00330081
0.00264403
0.00229784

0.0149994
0.0132099
0.0110991
0.00908879
0.00717972
0.00556427
0.00427214
0.00328649
0.00264029
0.00229586

0.0151956
0.0132022
0.0110196
0.00904052
0.00722445
0.00557927
0.00427857
0.00329066
0.00265452
0.00229709

0.0148961
0.0130619
0.0110939
0.00906611
0.00723913
0.00557886
0.00427803
0.00327876
0.00264523
0.00229483

ABC
3, 3, 6

0.0148849
0.0131612
0.0111251
0.00906128
0.0071907
0.00557651
0.00428184
0.0033137
0.00264314
0.00229985

0.0150068
0.0130957
0.0110765
0.00906313
0.00722864
0.00559314
0.00426997
0.00328603
0.00264169
0.00230638

0.0150298
0.0130612
0.0110661
0.00903407
0.0072029
0.00561023
0.00428402
0.00329742
0.00263323
0.00230669

0.01497
0.013238
0.011089
0.00906528
0.00720176
0.00559898
0.00426821
0.00329632
0.00263017
0.00230688

0.0150344
0.0131344
0.0111045
0.0090714
0.0072278
0.00560729
0.00427086
0.00327955
0.00264467
0.00231297

0.0151394
0.0131319
0.0110494
0.00905308
0.00720989
0.00556631
0.00426328
0.0032932
0.00264398
0.00230274

0.0150685
0.0131229
0.0110733
0.00910271
0.00718226
0.00557402
0.00428262
0.00327467
0.00265854
0.00229651

