ABC
3, 3, 12

0.019289
0.0145517
0.0117337
0.00936725
0.00739451
0.00568128
0.00432576
0.00332326
0.00265996
0.0023148

0.0202385
0.0144268
0.0117619
0.0093686
0.00734223
0.00568053
0.00432609
0.00333226
0.00266053
0.00231688

0.0198183
0.0143795
0.0116518
0.00939378
0.00738718
0.00568096
0.00432609
0.00331846
0.00267135
0.00231801

0.0189479
0.0146697
0.0117242
0.009346
0.00733585
0.00567562
0.0043325
0.00333246
0.00266027
0.00231247

0.0193594
0.0146396
0.0116677
0.00939196
0.00736513
0.00568784
0.00431783
0.00333049
0.00266794
0.00232669

0.0192758
0.0144592
0.0116581
0.00940466
0.00736282
0.00568866
0.00434289
0.00332482
0.00267119
0.00232009

0.0194113
0.0146162
0.0117463
0.00937852
0.00735226
0.00567167
0.00433095
0.00331881
0.00267333
0.00232608

0.0187893
0.0144789
0.0116981
0.00937905
0.0073739
0.00565357
0.00432243
0.00332606
0.00267494
0.00231972

