ABC
3, 4, 6

0.0152299
0.0133386
0.0112258
0.00922193
0.00729425
0.00562897
0.00429899
0.00332212
0.00265376
0.00230871

0.0151207
0.0132989
0.0112549
0.00916531
0.00728905
0.00563704
0.00431389
0.00331632
0.0026546
0.00230561

0.0150522
0.01333
0.0112029
0.00919663
0.00727858
0.00565467
0.00429981
0.00330943
0.00265651
0.00231235

0.0152481
0.0133543
0.0112329
0.00920785
0.007292
0.00564766
0.00428491
0.00330424
0.00265802
0.00231423

0.0151772
0.0133734
0.0113205
0.00919738
0.00727967
0.00562594
0.00430133
0.00331418
0.00264978
0.00230869

0.015133
0.0133836
0.0112235
0.00921336
0.00729159
0.00562006
0.00430935
0.00331547
0.00265871
0.00231894

0.0150843
0.0133534
0.0112765
0.00919124
0.00728455
0.00563979
0.00429216
0.00330971
0.00265548
0.00230051

0.0151708
0.0133661
0.0111772
0.00917105
0.00727556
0.00563107
0.00430461
0.00330564
0.00265714
0.00230726

0.0150531
0.0133829
0.0112546
0.00917312
0.00730797
0.0056175
0.00429867
0.00331025
0.00265808
0.0023141

0.0151768
0.0132746
0.0112535
0.00915876
0.00726658
0.0056501
0.00430744
0.00332571
0.0026623
0.00230492

ABC
3, 4, 6

0.0152299
0.0133898
0.0112777
0.00922193
0.0072651
0.00562789
0.00430579
0.00332332
0.00265434
0.00230802

0.0151937
0.013351
0.0113096
0.00919974
0.00729437
0.00563513
0.00430726
0.00331199
0.00265913
0.00230962

0.015093
0.0133671
0.0112197
0.00916014
0.00727736
0.00562367
0.0042994
0.0033145
0.00265067
0.00231377

0.0151925
0.0134031
0.0112619
0.0091628
0.00725466
0.00565537
0.00430662
0.00331297
0.00264866
0.0023137

0.0152299
0.0133496
0.011273
0.00917585
0.00726635
0.00562158
0.00430387
0.00332466
0.00266181
0.00231108

0.0150824
0.0133285
0.0112414
0.00915468
0.0072626
0.00563334
0.0043022
0.00331426
0.00265186
0.00231419

0.0150393
0.0133388
0.0112659
0.00919692
0.00728684
0.00562262
0.00429216
0.00330428
0.00265506
0.00231548

0.0151335
0.0133678
0.0112582
0.0092006
0.00729242
0.00566635
0.0043042
0.00330616
0.00265606
0.00230777

0.0151401
0.0133136
0.0112117
0.00919256
0.0072835
0.00561687
0.00429254
0.00331103
0.00265294
0.00232169

0.0151188
0.0133768
0.0112641
0.00918597
0.00727948
0.00562549
0.0042961
0.00331228
0.00266005
0.00231063

ABC
3, 4, 6

0.0152299
0.0133898
0.0112641
0.00920651
0.00724704
0.00563595
0.00430892
0.00331695
0.00265922
0.0023001

0.0151108
0.0132714
0.0112673
0.00916523
0.00728867
0.00563332
0.00429935
0.00330425
0.00266163
0.00230935

0.0151813
0.0133549
0.0112707
0.00920091
0.00728161
0.0056265
0.00430133
0.00332548
0.00265433
0.00231236

0.015196
0.0133341
0.0113227
0.00918165
0.00729965
0.00564172
0.0043086
0.00331288
0.00265402
0.00231709

0.0152288
0.0133332
0.011308
0.0091752
0.00729009
0.00564425
0.00430424
0.00330828
0.00266045
0.0023056

0.015122
0.013385
0.0112394
0.00918636
0.007283
0.00564854
0.00430443
0.00331638
0.00265344
0.00229765

0.0152935
0.0133823
0.0112411
0.00918507
0.0072743
0.00564781
0.00430475
0.0032976
0.00265416
0.00230735

0.0152301
0.0133558
0.0112375
0.00915078
0.00730097
0.00563878
0.00428968
0.00331735
0.0026592
0.00230216

0.0150545
0.0133797
0.01124
0.00917755
0.00728198
0.005639
0.00429289
0.00331475
0.00266331
0.00230749

0.0151905
0.0133372
0.0113066
0.00917653
0.00730966
0.00567117
0.00430878
0.00332089
0.00266516
0.0023123

ABC
3, 4, 6

0.0152299
0.0133513
0.0112175
0.00917317
0.00729618
0.00562984
0.00427724
0.00332212
0.00265376
0.00231532

0.0151799
0.0133012
0.0112081
0.00918042
0.00728167
0.00560607
0.00430745
0.00330568
0.00265643
0.00230842

0.0151209
0.0133568
0.0112683
0.00923134
0.00727631
0.00565467
0.00429465
0.0033152
0.00265521
0.00230616

0.0151582
0.0133884
0.0112268
0.00919183
0.00729002
0.00564379
0.00429035
0.00331107
0.00266349
0.00231702

0.0151692
0.013321
0.0111763
0.00920462
0.00728339
0.00564738
0.00431184
0.00331171
0.00266398
0.00231108

0.0150864
0.0133043
0.0111949
0.00920763
0.00728635
0.00562514
0.00429518
0.00331829
0.00265266
0.00231127

0.0151081
0.0132803
0.01127
0.00915771
0.00729487
0.00565007
0.00429601
0.00330451
0.00265134
0.0023106

0.015199
0.0133673
0.0112428
0.00921377
0.00728192
0.00563455
0.00430381
0.00330733
0.00265778
0.00229825

0.0150703
0.013358
0.0112521
0.00922072
0.00725117
0.00562552
0.00430713
0.00330547
0.00265522
0.00230814

0.0150743
0.0133549
0.0112757
0.00918682
0.00726726
0.00563099
0.00431258
0.00331631
0.00265038
0.00231098

ABC
3, 4, 6

0.0152299
0.0133513
0.0112939
0.00918703
0.00726652
0.00561777
0.0043
0.00331031
0.00265783
0.00230631

0.0151647
0.0133521
0.0113049
0.00918042
0.00727958
0.00564741
0.00430745
0.00331006
0.00264635
0.00230417

0.0151667
0.013375
0.0112356
0.00920327
0.00728402
0.00564491
0.00430049
0.00330861
0.00266025
0.00230616

0.0151787
0.0133532
0.0112019
0.00918966
0.00727274
0.00562901
0.00430873
0.00331096
0.00266074
0.0023049

0.0150836
0.0132949
0.0111682
0.00918202
0.00729672
0.00563134
0.00429043
0.00331958
0.00265073
0.00230529

0.0151432
0.0133348
0.011261
0.00919341
0.00728191
0.0056307
0.00431574
0.00330934
0.00264246
0.00231057

0.0151625
0.0133404
0.0112881
0.00917303
0.00729283
0.0056298
0.0043132
0.00330992
0.0026622
0.00231522

0.0151381
0.0133186
0.0112679
0.00916673
0.00725172
0.00562475
0.00430952
0.00330671
0.00265097
0.00230717

0.0151383
0.0134042
0.0112659
0.00918714
0.00727671
0.00565258
0.00430903
0.00331221
0.00266231
0.00230956

0.0150951
0.0133245
0.0112831
0.00919604
0.00727322
0.0056255
0.0043
0.0033159
0.00266342
0.00231329

