ABC
4, 4, 12

0.0174009
0.0143483
0.0117576
0.00944838
0.00743325
0.00570834
0.0043546
0.00334937
0.00268174
0.0023262

0.017328
0.014311
0.0117347
0.00945058
0.00744777
0.00572225
0.00435146
0.00334768
0.00267691
0.00233377

0.0173708
0.0142553
0.011768
0.00945327
0.00741314
0.00571261
0.00435012
0.00334632
0.00268091
0.00232701

0.0172631
0.014264
0.0117332
0.00942468
0.00742996
0.00572423
0.00434984
0.00334957
0.0026861
0.00232648

0.0173454
0.0142587
0.0117167
0.00947286
0.00743372
0.00571888
0.00436705
0.00334821
0.00267964
0.00233645

ABC
4, 4, 12

0.017262
0.0142766
0.0117118
0.0094618
0.00741777
0.00570959
0.00435447
0.00335542
0.00268212
0.00233585

0.0172796
0.0142901
0.0117465
0.00944522
0.00741617
0.00572803
0.00436361
0.00335225
0.00268379
0.00232944

0.0172854
0.0142765
0.0117533
0.00943683
0.00744045
0.00571083
0.00436069
0.00334139
0.00269062
0.00233333

ABC
4, 4, 12

0.0173444
0.0143123
0.0117405
0.00944157
0.00742071
0.00571771
0.00436241
0.00334365
0.00267664
0.00233155

0.0172684
0.014316
0.0117359
0.00944644
0.0074406
0.00569973
0.00434934
0.00334627
0.00267785
0.00233582

0.01734
0.0143207
0.0117395
0.00943861
0.00743857
0.00571073
0.00435585
0.00334334
0.00268931
0.0023278

0.0173579
0.0142442
0.0117304
0.00942871
0.00741909
0.00571065
0.00435345
0.00334786
0.00267718
0.00232878

ABC
4, 4, 12

0.0173029
0.0143726
0.0117477
0.00946533
0.00740837
0.00571539
0.0043671
0.00334902
0.00267978
0.00233243

0.0173223
0.0143002
0.0117304
0.00942985
0.00742087
0.00571582
0.00435106
0.00334579
0.00268265
0.0023312

0.0172619
0.0143027
0.0117337
0.00943691
0.00741361
0.0057117
0.00434232
0.00335159
0.00268245
0.00233272

ABC
4, 4, 12

0.0172583
0.0143274
0.0117442
0.00944249
0.00742832
0.00571563
0.00436284
0.0033441
0.0026787
0.00233424

0.0172881
0.0143069
0.0117534
0.00945213
0.0074291
0.00573081
0.00435311
0.00334317
0.00268232
0.0023254

0.017214
0.0142711
0.011743
0.00944642
0.00744859
0.0057292
0.00435351
0.00334985
0.002677
0.00233003

