ABC
4, 4, 6

0.0151642
0.013424
0.0114288
0.00929248
0.00735034
0.00567497
0.00432388
0.00332827
0.00266161
0.00231418

0.0152139
0.0134782
0.0114191
0.00924099
0.00734532
0.00567709
0.00432031
0.00332601
0.00267298
0.00232277

0.0151938
0.013503
0.0114047
0.00929784
0.00731719
0.00568537
0.00432734
0.00333259
0.00267075
0.00232261

0.0152907
0.0134258
0.0113884
0.00931312
0.00734933
0.0056745
0.00432999
0.00333709
0.0026646
0.00231487

0.0151554
0.013518
0.0113775
0.00927627
0.0073364
0.00567724
0.00432423
0.00331427
0.00266536
0.0023197

0.0151976
0.0135012
0.0114604
0.00925727
0.00733118
0.00567129
0.0043235
0.00332657
0.00266935
0.00231406

0.0151464
0.0134412
0.0113541
0.00929261
0.00734162
0.00565874
0.00432204
0.00333859
0.00266289
0.00232035

0.0151402
0.0134294
0.0113597
0.0092752
0.0073359
0.00565797
0.00431995
0.00333175
0.00266179
0.00231939

0.0151944
0.0135012
0.0113902
0.009285
0.00732144
0.00567018
0.00432759
0.00333034
0.00267084
0.00231588

0.0151547
0.013505
0.0113891
0.00926881
0.00734747
0.00568164
0.00431561
0.00332507
0.00266945
0.00232244

ABC
4, 4, 6

0.0151642
0.0134893
0.0114209
0.00928591
0.00733255
0.0056352
0.0043171
0.00333517
0.00266192
0.00231697

0.0152471
0.0135006
0.01135
0.00926508
0.00735173
0.00565821
0.00431769
0.00332571
0.00266875
0.00231884

0.0152037
0.0135447
0.0113938
0.00924588
0.00733859
0.0056601
0.00431944
0.00332281
0.00266614
0.00231809

0.0152085
0.013546
0.0113668
0.00928807
0.00731062
0.00567327
0.00432589
0.00332583
0.00266526
0.00231422

0.0151409
0.0135295
0.0113293
0.00927044
0.00735322
0.00566426
0.0043276
0.00331731
0.00266634
0.00232157

0.0152073
0.0134625
0.0113948
0.00926618
0.00735233
0.00565506
0.00432969
0.00331676
0.00265851
0.00231472

0.0151543
0.0134937
0.0113595
0.00931103
0.00734624
0.00566782
0.00432088
0.00332439
0.00267041
0.00232152

0.0151966
0.0134914
0.0113676
0.00928493
0.00731598
0.00565346
0.00433151
0.00332349
0.00266806
0.00231574

0.0152021
0.0134801
0.0113726
0.00925527
0.00736088
0.00567586
0.00432309
0.00333338
0.00266909
0.00231355

0.0151979
0.0134726
0.0113596
0.00927186
0.007334
0.00566258
0.00431994
0.00332539
0.00265984
0.00231782

ABC
4, 4, 6

0.0151642
0.0135382
0.0113748
0.00924803
0.00733396
0.00565925
0.00432969
0.00332137
0.0026711
0.00231581

0.0151317
0.0134985
0.0113821
0.00930362
0.00733629
0.00565312
0.00432465
0.00332313
0.00267298
0.00231682

0.0152652
0.0134976
0.0113838
0.0092411
0.00734747
0.00567659
0.00432978
0.00332368
0.00266145
0.0023226

0.0151945
0.0134614
0.011343
0.00926698
0.00736061
0.00565235
0.00432625
0.00332586
0.00266456
0.00232487

0.0152225
0.013497
0.0113823
0.00929165
0.00734004
0.0056627
0.00431524
0.00332509
0.00266612
0.00231803

0.0152295
0.0134808
0.0114023
0.00925499
0.00734881
0.00566922
0.00431847
0.00332905
0.00267115
0.00231511

0.0152031
0.013517
0.0113782
0.00927668
0.00734236
0.00566171
0.00431881
0.0033216
0.00266728
0.00232271

0.0151887
0.0134062
0.0113584
0.00929319
0.00732225
0.00568277
0.00432258
0.00332191
0.0026713
0.002316

0.015157
0.0134596
0.0113786
0.00928495
0.00733702
0.00566926
0.00431754
0.00333121
0.00267439
0.00231793

0.0151849
0.0134449
0.011361
0.00926136
0.00736449
0.00566423
0.00432394
0.00331422
0.00265957
0.00231999

ABC
4, 4, 6

0.0151642
0.0134945
0.0113725
0.00927934
0.0073206
0.00565899
0.00432144
0.00333664
0.00266563
0.0023089

0.0151224
0.0134647
0.011395
0.00927501
0.00734058
0.00568229
0.00431946
0.00332686
0.00265517
0.00231701

0.0151912
0.0134561
0.0113966
0.00925295
0.00733019
0.00565389
0.00431165
0.00332677
0.00265538
0.00230523

0.01517
0.0135086
0.0113667
0.009249
0.00735721
0.00565319
0.00432255
0.00332846
0.00266287
0.00231132

0.0151188
0.0135046
0.0113773
0.00928408
0.00732956
0.00567925
0.00432469
0.00331933
0.00266985
0.00232306

0.0151971
0.0133882
0.011362
0.00927297
0.00731895
0.00568072
0.00431902
0.00333254
0.00267476
0.00231169

0.0152013
0.0134998
0.0113483
0.0092423
0.00731758
0.00565666
0.00432411
0.00332476
0.0026664
0.00231513

0.0151727
0.0133964
0.0113915
0.00928401
0.00734481
0.00567582
0.00431514
0.00332998
0.002673
0.00231673

0.0151923
0.0134652
0.0113789
0.00927334
0.00731867
0.00567248
0.00432621
0.00332504
0.00265788
0.00232601

0.0151557
0.0134892
0.0113735
0.009251
0.00734269
0.00566106
0.00433101
0.00331606
0.00266241
0.00231823

ABC
4, 4, 6

0.0151352
0.0134898
0.011351
0.00926651
0.00732228
0.00567211
0.0043346
0.00331721
0.00266121
0.00231789

0.0151603
0.0134814
0.0113975
0.0092723
0.00735232
0.0056775
0.00432475
0.00332596
0.00266364
0.00231911

0.0151695
0.0134823
0.0113935
0.00926767
0.00734695
0.00566082
0.00433356
0.00332927
0.00267403
0.00231605

0.0151898
0.0134722
0.0113892
0.00926308
0.00732386
0.00567689
0.00431722
0.00332531
0.0026607
0.00231155

0.0151433
0.0135476
0.0113433
0.00926393
0.00733207
0.00566504
0.00432127
0.0033295
0.00267037
0.00231283

0.0152321
0.0134755
0.0113523
0.00927341
0.00733941
0.00566871
0.00433335
0.00332788
0.00266768
0.00231707

0.0152022
0.0134539
0.0113732
0.00928965
0.00733818
0.00567246
0.00433253
0.00332986
0.00267111
0.00231951

0.0152061
0.0134101
0.0114507
0.00924311
0.0073345
0.00567297
0.00432038
0.00332547
0.00265922
0.00231812

0.0152235
0.0134634
0.0113968
0.00925827
0.00735288
0.00565416
0.00432777
0.00332244
0.0026692
0.00231251

0.0151844
0.0135497
0.011425
0.00928148
0.00733669
0.00567945
0.00433761
0.00332878
0.00266776
0.00231612

