ABC
6, 6, 6

0.0160768
0.014013
0.0117027
0.00945828
0.00744544
0.00572787
0.00435737
0.00334368
0.00268913
0.0023329

0.0159861
0.0140133
0.0117416
0.00947076
0.00742423
0.00572083
0.00436244
0.0033504
0.00268615
0.00233198

0.0160533
0.0140201
0.0117085
0.0094713
0.00742258
0.00572353
0.00435139
0.00335214
0.00268252
0.00233082

ABC
6, 6, 6

0.0160763
0.0140461
0.0116834
0.00945059
0.00746429
0.00573676
0.00435743
0.00335226
0.00267974
0.00232713

0.016033
0.014047
0.0117202
0.00944611
0.0074372
0.0057277
0.00435675
0.00334826
0.00268198
0.00233223

0.0160339
0.0140526
0.0117139
0.00944057
0.00744844
0.00572988
0.00435761
0.00334694
0.00268358
0.00233546

ABC
6, 6, 6

0.0160294
0.0140481
0.0117092
0.00944888
0.00742085
0.00573245
0.00436227
0.00334789
0.00268158
0.00233298

0.0160676
0.014077
0.0116888
0.00946008
0.00743899
0.0057288
0.00434767
0.00335823
0.0026867
0.00233406

0.0159964
0.0140396
0.0116921
0.00945144
0.00743722
0.00573438
0.00435953
0.00334992
0.00267926
0.00233028

ABC
6, 6, 6

0.0160522
0.0140452
0.0117043
0.00945935
0.00742535
0.00571671
0.00435919
0.00334805
0.00268702
0.00233887

0.0160209
0.0141115
0.0117083
0.00946002
0.00741643
0.00572323
0.00436363
0.00335239
0.00268118
0.00233082

ABC
6, 6, 6

0.0160465
0.0140313
0.011693
0.00944596
0.00743939
0.00571842
0.00435652
0.00334224
0.00268282
0.00233024

0.0160478
0.0139951
0.0116859
0.0094723
0.00741854
0.00572287
0.0043543
0.00334751
0.00268358
0.00233311

