cubic
2

0.0123782
0.0115929
0.0101787
0.00862565
0.0069871
0.00544464
0.00420094
0.0032425
0.00260538
0.0022723

0.0123144
0.0114725
0.0102205
0.00864838
0.00696544
0.00547053
0.00419061
0.00325263
0.0025903
0.00226045

0.0123443
0.0115289
0.0101695
0.0085911
0.00701049
0.00548588
0.00423998
0.00327163
0.00260662
0.00227171

0.0123245
0.0115413
0.0102694
0.00863776
0.00700095
0.00547427
0.00420072
0.00322212
0.0025999
0.00227339

0.0122925
0.0115341
0.0102253
0.00861322
0.00698879
0.00547053
0.00420519
0.0032419
0.00259598
0.00228362

cubic
2

0.0123459
0.0115391
0.0101318
0.00856116
0.00694475
0.00546652
0.00420382
0.00323971
0.00260776
0.00225928

0.0123923
0.0115954
0.0102356
0.00862617
0.00698665
0.00547748
0.00421548
0.0032479
0.00261334
0.00226357

0.0123324
0.0115693
0.0102452
0.00856572
0.00698602
0.00543397
0.00419412
0.00323996
0.00259898
0.00226195

0.0123521
0.0115574
0.0101857
0.00859049
0.00703148
0.00549153
0.00419764
0.00326038
0.00260953
0.00226568

0.0122708
0.0116123
0.0102017
0.00862669
0.00697034
0.00544496
0.00422211
0.00325521
0.00260102
0.00226605

0.0123859
0.0115825
0.0101323
0.00865366
0.00695178
0.00546846
0.00421313
0.00324948
0.00260481
0.00227399

cubic
2

0.0123569
0.0115929
0.0102149
0.00863298
0.00701766
0.00545703
0.00418572
0.00323152
0.00260833
0.00226948

0.0123702
0.0115691
0.0102022
0.00864557
0.00695095
0.00548401
0.0041949
0.00325493
0.0026137
0.00225542

0.0123793
0.0115569
0.0102726
0.00864183
0.0069697
0.0054554
0.00419164
0.00322681
0.00261485
0.0022749

0.0123037
0.0116089
0.0102532
0.00861169
0.00697826
0.00546328
0.00422951
0.00322052
0.00260547
0.00226695

0.0123815
0.0115548
0.0101686
0.00860052
0.00698188
0.00546119
0.00420991
0.00325157
0.00261194
0.00226074

0.0123994
0.0115576
0.0101802
0.00860006
0.00697025
0.00545809
0.00421024
0.00324984
0.00259731
0.00226064

0.0123851
0.0115603
0.0102838
0.00860669
0.00693725
0.00545026
0.00418627
0.00325576
0.00260722
0.00228083

cubic
2

0.0123928
0.0115342
0.0102021
0.00865786
0.00701352
0.00543929
0.0042186
0.00324576
0.0026044
0.00227448

0.012372
0.0115058
0.010165
0.00861306
0.00696607
0.00543442
0.00419662
0.00323583
0.00260016
0.00226553

0.0123727
0.0115067
0.0101362
0.00863914
0.00698838
0.0054587
0.00418662
0.00323174
0.00261616
0.00227191

0.0123242
0.0115425
0.0102286
0.00861371
0.00700328
0.00545512
0.00420818
0.0032421
0.00260222
0.00226306

0.0123533
0.0115044
0.010236
0.00862732
0.00692834
0.00545952
0.00421788
0.00323733
0.00261003
0.00226895

0.0123714
0.0115155
0.0102657
0.00861183
0.00694542
0.00543866
0.0042142
0.00323535
0.00260253
0.00226087

0.0123861
0.0115667
0.0102107
0.00868809
0.00704423
0.00548362
0.00419651
0.00325618
0.00261591
0.00225731

cubic
2

0.0123662
0.0115519
0.0102265
0.00858791
0.00698782
0.00543078
0.00421717
0.00322264
0.00260463
0.00226597

0.0123884
0.0115089
0.010218
0.00862013
0.00699054
0.00545693
0.00419639
0.00324247
0.00260181
0.00225282

0.0123273
0.0115396
0.0102091
0.00861429
0.00698771
0.00548064
0.00419896
0.00323875
0.00261236
0.00227174

0.0123448
0.0115812
0.0102323
0.00865008
0.00698765
0.00547584
0.0041903
0.00324481
0.00260913
0.00227086


0.0123936
0.0115481
0.0101971
0.00862894
0.00693717
0.0054613
0.00423169
0.00324783
0.00261404
0.00227544

