cubic
3

0.0149606
0.0134367
0.0113907
0.00926207
0.0073658
0.00567837
0.00433127
0.00333185
0.00266777
0.00232192

0.0148394
0.0133469
0.0113336
0.00929536
0.00736858
0.00567709
0.00433138
0.0033307
0.00266438
0.00232172

0.0148659
0.0134354
0.0113506
0.00928672
0.00734923
0.00567865
0.00433477
0.00333283
0.00267032
0.00232169

0.0148906
0.013428
0.0114055
0.009303
0.00735693
0.00568287
0.00432431
0.00333288
0.0026725
0.00232633

0.0149106
0.0134264
0.0114213
0.00930786
0.00736429
0.00568505
0.00433684
0.00332239
0.00267539
0.00232406

0.0148296
0.0134202
0.0113573
0.00928601
0.00735481
0.00567572
0.00433373
0.00333306
0.002667
0.00231737

0.0149605
0.0133781
0.0113647
0.00928336
0.00736659
0.00567776
0.0043416
0.00332208
0.00267257
0.00232204

cubic
3

0.0149071
0.0133552
0.011416
0.00928343
0.00737787
0.00567173
0.0043314
0.00333663
0.00266983
0.0023262

0.0148742
0.01338
0.0113775
0.00928408
0.00734532
0.00568368
0.00432077
0.00333019
0.0026671
0.00231942

0.0148457
0.013366
0.0114321
0.00929579
0.00735571
0.00568874
0.00434276
0.00331657
0.00266953
0.00231436

0.0149792
0.0133728
0.0114089
0.00928709
0.00736887
0.00566706
0.00432938
0.00332596
0.00267046
0.00231539

0.0148929
0.0133429
0.0113943
0.00928551
0.00738029
0.00567047
0.004339
0.0033262
0.00266678
0.00231822

0.0148673
0.0133674
0.0113914
0.00932006
0.0073455
0.00567492
0.00433505
0.00332749
0.00266706
0.00232475

cubic
3

0.0148917
0.0134461
0.0113664
0.00929565
0.00736116
0.00569501
0.00433093
0.00332822
0.00267644
0.00231927

0.0149174
0.0134088
0.0113545
0.0092886
0.00735143
0.00568124
0.00432599
0.00333975
0.00267392
0.00231302

0.0149425
0.0133801
0.0114295
0.00929975
0.00734075
0.00567069
0.00433892
0.00332838
0.0026696
0.00232359

0.0149258
0.0134193
0.0113667
0.00930382
0.00733559
0.00569276
0.00433513
0.00333403
0.00267353
0.00231922

0.0149328
0.0133113
0.0113632
0.00929557
0.00738388
0.0056798
0.00432431
0.00332835
0.0026655
0.00231863

0.0149543
0.0133678
0.01139
0.0093058
0.00737338
0.00566704
0.00433735
0.0033313
0.00266537
0.00232443

cubic
3

0.0148838
0.0133661
0.0114115
0.00927155
0.00736292
0.00567585
0.00433259
0.00334059
0.00266505
0.00232121

0.0148659
0.0134241
0.0113603
0.00928121
0.00736928
0.00568463
0.00433239
0.00331995
0.00266922
0.00232164

0.0149131
0.0133632
0.0113799
0.00933341
0.00735526
0.00567501
0.00433511
0.00333405
0.00266466
0.00231681

0.0148793
0.0133887
0.0113459
0.00927722
0.00736285
0.00567181
0.00433244
0.00333101
0.00266526
0.00232022

0.0148651
0.0134516
0.011412
0.0093446
0.00736963
0.00568372
0.00431894
0.00332485
0.00266748
0.00232682

0.0148763
0.013329
0.0114119
0.00926674
0.00738382
0.0056893
0.00433233
0.00332911
0.0026618
0.00232507

