cubic
7

0.0163997
0.0123706
0.00963289
0.00770702
0.00631225
0.00526475
0.00445679
0.00382513
0.00332444
0.00291653
0.00258579
0.00232362
0.00210967
0.00193971
0.00180111
0.00169786
0.00161759
0.00155914
0.00152153
0.00149886

cubic
7

0.0164058
0.0123944
0.00964649
0.00771151
0.00631208
0.00526974
0.00445898
0.00382622
0.0033183
0.00291745
0.00258839
0.0023234
0.00211002
0.00194072
0.00180439
0.00169808
0.00161864
0.00155938
0.00152153
0.0014979

cubic
7

0.0164101
0.0123785
0.0096239
0.0077058
0.00631517
0.00526646
0.00445914
0.00382775
0.00331881
0.00291616
0.00258873
0.00232398
0.0021093
0.00194076
0.00180429
0.00169977
0.001618
0.0015603
0.00151991
0.00150028

