cubic
3

0.0187953
0.0136232
0.0110415
0.00913331
0.00769969
0.00661028
0.00572355
0.00503158
0.00450092
0.00403353
0.00364489
0.00334399
0.00309813
0.00288133
0.00271624
0.002582
0.00247569
0.00240331
0.0023511
0.00232035

0.0191989
0.0136473
0.0109821
0.00915105
0.00769153
0.00660528
0.00574591
0.00505259
0.0044969
0.00403015
0.00366228
0.00334564
0.00309693
0.00288865
0.00271207
0.00258759
0.00248164
0.00239584
0.00235563
0.00232043

0.018429
0.0137353
0.0110152
0.00914213
0.00771367
0.00661867
0.00573758
0.005053
0.0044746
0.00402726
0.00364807
0.00335228
0.00308821
0.00288974
0.00271502
0.0025786
0.00247686
0.00240527
0.00234702
0.00232559

0.0188163
0.0136965
0.011022
0.00911965
0.00771379
0.00659724
0.00573344
0.0050396
0.00447832
0.00402948
0.00365838
0.0033486
0.0030955
0.00287865
0.00271856
0.00257795
0.00247921
0.00239859
0.00234999
0.00231709

0.0188912
0.0136257
0.0110177
0.00913055
0.00769753
0.00658383
0.00574789
0.00502998
0.0044751
0.0040407
0.00365638
0.00334182
0.00308565
0.00287935
0.00271976
0.00257989
0.00247252
0.00239749
0.00235342
0.00231576

0.0191304
0.0136733
0.0110327
0.00913502
0.00769436
0.0066093
0.00572586
0.00504873
0.00449642
0.00403157
0.00365147
0.00335302
0.00308623
0.00288154
0.00271031
0.00257888
0.0024814
0.0024006
0.00234972
0.00231684

0.0191734
0.0136287
0.0109847
0.0091275
0.00768047
0.00662711
0.00573996
0.00504402
0.00448436
0.00403956
0.00364162
0.00334524
0.0030866
0.00288862
0.00271255
0.0025796
0.00247501
0.00239752
0.00235228
0.002322

0.0186981
0.0136523
0.0110371
0.00912431
0.00772083
0.00659571
0.0057454
0.00505468
0.00448657
0.00402424
0.00366322
0.00333016
0.00309632
0.00288199
0.00272744
0.00257805
0.00248021
0.00239866
0.00234019
0.00231428

0.0190258
0.0135483
0.011052
0.00912156
0.00771977
0.00659502
0.00573937
0.00504056
0.00447734
0.00402766
0.0036614
0.00334445
0.00308874
0.00287754
0.00271733
0.00257558
0.00248023
0.00239526
0.00234051
0.00232535

0.018981
0.0136183
0.0109552
0.00910801
0.00770679
0.00662294
0.00574485
0.00505557
0.00449471
0.00403638
0.00366259
0.00335291
0.00309406
0.00288351
0.00271668
0.00258312
0.00247484
0.00239554
0.0023442
0.00232822

cubic
3

0.019483
0.0137978
0.0110233
0.00911805
0.00773084
0.00659479
0.00575215
0.00504647
0.00447824
0.00403236
0.00365436
0.00335305
0.00308963
0.00288383
0.00271748
0.00257654
0.00248054
0.00239915
0.00234968
0.00231277

0.0190935
0.0136286
0.0110303
0.00911015
0.00768243
0.00659808
0.00572941
0.00503885
0.0044759
0.00402193
0.00365475
0.00334364
0.00307685
0.00288803
0.00271291
0.00258524
0.00247339
0.00239666
0.00235246
0.00232398

0.0194665
0.0135761
0.0110194
0.00913617
0.00769965
0.00661626
0.00575037
0.00503141
0.00449144
0.0040279
0.00365231
0.00334738
0.00307991
0.00288972
0.00271892
0.00258542
0.00248273
0.00240399
0.00234453
0.0023132

0.0186018
0.0136563
0.0110107
0.00914759
0.00770058
0.00661865
0.00574045
0.00504411
0.00449988
0.00402731
0.00365234
0.00334209
0.0030898
0.00288066
0.00271539
0.00259485
0.00247309
0.00240307
0.00234171
0.00231838

0.0191921
0.0136583
0.0109928
0.0091056
0.00770118
0.00661219
0.00572765
0.0050499
0.00448506
0.00402428
0.00365263
0.00333843
0.0030914
0.0028835
0.002718
0.00257188
0.00248078
0.00240393
0.0023429
0.00232608

0.0184176
0.0135635
0.0109693
0.00915392
0.00768219
0.00658242
0.00573468
0.00504013
0.00448929
0.00403999
0.00365412
0.003339
0.00309394
0.00288564
0.00271149
0.00257368
0.0024764
0.00239908
0.00234528
0.00232582

0.0181851
0.0136153
0.0109483
0.00911325
0.00772314
0.00661114
0.00574206
0.00503441
0.00449632
0.00403562
0.00366009
0.00334799
0.00309069
0.00288779
0.00271773
0.00257829
0.00248745
0.00239756
0.00235902
0.00232516

0.0199113
0.0136893
0.0109857
0.00908047
0.00769946
0.00660501
0.00576652
0.00504442
0.00448799
0.00401927
0.00364654
0.00334927
0.00309778
0.00287322
0.00271344
0.00257915
0.00247792
0.0023947
0.00235187
0.00232493

0.0190888
0.0136416
0.0110575
0.00911824
0.00770463
0.00661626
0.00573282
0.005023
0.004486
0.00403663
0.0036628
0.00334846
0.00309697
0.0028784
0.00271632
0.00258146
0.0024721
0.00240411
0.00234098
0.00231971

0.0187003
0.0136458
0.0110091
0.00910044
0.00772195
0.00658463
0.00575688
0.00505908
0.00448951
0.00402858
0.003648
0.00334545
0.00310213
0.00287414
0.00271985
0.00258501
0.0024725
0.00240454
0.00234181
0.00231866

cubic
3

0.0185418
0.0136573
0.0109676
0.00914174
0.00770549
0.00659737
0.00574295
0.00503956
0.00449886
0.00402906
0.00366563
0.00334946
0.00310243
0.00287878
0.00270101
0.00258539
0.00248099
0.00240844
0.00234264
0.00231734

0.0182458
0.0136225
0.0109762
0.00910149
0.00772796
0.00658753
0.0057249
0.00503818
0.00448273
0.00403966
0.00364865
0.00334609
0.00309421
0.00288037
0.00270624
0.00258396
0.00246999
0.00239763
0.00234883
0.00232202

0.0188443
0.0135715
0.0110222
0.00914706
0.00770232
0.00658982
0.00573011
0.0050628
0.00448726
0.00403863
0.00366588
0.00334809
0.00308954
0.0028791
0.0027197
0.00257733
0.00248169
0.00239785
0.00235251
0.00232232

0.0187533
0.0137098
0.0110371
0.00909311
0.0077065
0.00658672
0.0057479
0.00506958
0.00448145
0.00401201
0.00367095
0.00334513
0.00309356
0.00287923
0.00271604
0.00257873
0.00247232
0.00239752
0.00233727
0.00231918

0.0192659
0.0136737
0.0110023
0.00913502
0.00768536
0.00659011
0.00571508
0.00505484
0.00449079
0.00402481
0.00365073
0.003334
0.00308794
0.0028818
0.00271492
0.00258086
0.00247177
0.00240272
0.00234928
0.00231582

0.0183754
0.0136582
0.0109649
0.00912025
0.00769201
0.00660683
0.00573623
0.00505081
0.00449489
0.00403658
0.00365561
0.00335353
0.00307978
0.00287838
0.00270865
0.00257321
0.00248954
0.0023979
0.00235315
0.00232042

0.0190825
0.01366
0.0111034
0.00914614
0.00769881
0.00657609
0.00575042
0.00505493
0.0044972
0.00403349
0.00365673
0.00333862
0.00309319
0.00287768
0.00270794
0.00257661
0.00247696
0.00239649
0.00234143
0.00232275

0.018303
0.0137229
0.0109896
0.00912751
0.0077319
0.0066111
0.00574554
0.00504285
0.00449413
0.0040199
0.00366323
0.0033471
0.00310155
0.00288717
0.00271014
0.00258456
0.0024758
0.00240046
0.0023537
0.00231213

0.0183
0.0136301
0.0109765
0.00914248
0.00772258
0.00660249
0.00571778
0.0050386
0.00449101
0.00403585
0.00364626
0.00333641
0.00308881
0.00288287
0.00271599
0.0025796
0.00247939
0.00239232
0.00235207
0.00231879

0.018521
0.0135785
0.011023
0.00911187
0.00770341
0.00658512
0.00576048
0.0050428
0.00448724
0.00401769
0.00365786
0.00335763
0.00309776
0.00287936
0.00270624
0.00257756
0.00247669
0.00239909
0.00234637
0.00231986

