cubic
4

0.0178835
0.0136601
0.0110327
0.00914439
0.00772928
0.00660497
0.00573145
0.00503318
0.00447127
0.00401345
0.0036433
0.00332408
0.00306366
0.0028594
0.00268874
0.00255605
0.00244985
0.00237182
0.0023216
0.00228932

0.0175621
0.0136157
0.0110449
0.00914856
0.00773418
0.00661588
0.00573609
0.00503004
0.00446855
0.00400295
0.00363453
0.00332416
0.00306502
0.00286054
0.00268783
0.00255353
0.00244448
0.00237349
0.00232151
0.00229605

0.0180153
0.0136628
0.0110452
0.00914511
0.00770464
0.00662339
0.00573494
0.00503961
0.00447653
0.00400275
0.0036334
0.00332409
0.00306368
0.00285887
0.00269451
0.00255573
0.00244536
0.00237458
0.0023199
0.00228773

0.0179635
0.0136278
0.0110585
0.0091606
0.00772344
0.00660247
0.00572644
0.00503864
0.00447305
0.00401261
0.00363744
0.00332529
0.00306643
0.00285543
0.0026851
0.00255089
0.00245334
0.0023699
0.00231434
0.00229523

0.0178209
0.0136355
0.0110393
0.00913406
0.00771904
0.00660886
0.0057412
0.00503442
0.00447292
0.00400111
0.00363407
0.00332417
0.00306863
0.00286026
0.00269178
0.00254946
0.00244694
0.00237573
0.00232444
0.00229576

0.0184399
0.0136207
0.0110678
0.00913865
0.00773087
0.00660302
0.00572819
0.00505282
0.00446523
0.00401377
0.0036387
0.00331641
0.00306144
0.00285283
0.00268745
0.00255525
0.00244823
0.00236752
0.00231727
0.00228922

0.0180109
0.0136376
0.0110663
0.00913858
0.00771335
0.00659688
0.00573059
0.00502316
0.00446487
0.00401901
0.00363427
0.00331621
0.00306667
0.00285577
0.00268707
0.00255524
0.00245097
0.00236934
0.00231824
0.00228604

0.0176505
0.0136785
0.0109949
0.00915757
0.00772038
0.00660375
0.00573064
0.00503845
0.00447166
0.00401678
0.00363692
0.00333005
0.00306635
0.00285849
0.00269016
0.00254822
0.00245041
0.00237147
0.00231323
0.00228595

0.017774
0.0136394
0.0110396
0.00916389
0.00770568
0.00662387
0.005743
0.00502968
0.00447535
0.00401928
0.00363647
0.00332369
0.0030675
0.002861
0.00269271
0.00255796
0.00244925
0.00237018
0.00232044
0.00229557

0.0178967
0.0136713
0.0110393
0.00914964
0.00771413
0.00662218
0.00573149
0.0050261
0.00447614
0.00401044
0.00363135
0.00332177
0.00306707
0.00285068
0.00268695
0.00255566
0.0024545
0.00236921
0.00231728
0.0022967

cubic
4

0.0179212
0.0136172
0.0110741
0.00915023
0.00769434
0.00660925
0.0057462
0.0050376
0.00447867
0.00401033
0.00363366
0.00332603
0.00306551
0.00284792
0.00268659
0.00255155
0.00244424
0.00236635
0.0023188
0.00229045

0.0177644
0.0136345
0.0110346
0.00914957
0.00771567
0.00661546
0.00574548
0.0050498
0.00447556
0.00401175
0.00362966
0.00333402
0.00306591
0.00285639
0.00268909
0.00255231
0.00245249
0.00236963
0.00232021
0.00229069

0.0177406
0.0137275
0.0110641
0.00915871
0.00771434
0.00660462
0.00573479
0.00504507
0.0044637
0.00401126
0.00362977
0.00332205
0.00306231
0.00286122
0.00269707
0.00256013
0.00245286
0.00237325
0.00232028
0.0022932

0.01786
0.0136065
0.0110695
0.00914497
0.00771197
0.00659374
0.00573939
0.00503507
0.00447325
0.00401141
0.00363292
0.00332447
0.00307997
0.00286048
0.00269485
0.00255011
0.00245074
0.00237081
0.00232127
0.00229743

0.017747
0.0135389
0.0110226
0.00911863
0.00771904
0.00660886
0.0057412
0.00503756
0.00447131
0.00400111
0.00363407
0.00332417
0.0030717
0.00285984
0.00268736
0.00255933
0.00245064
0.00237381
0.0023195
0.00228882

0.0182535
0.0136122
0.0110314
0.00914852
0.00772457
0.00661239
0.00573217
0.00503441
0.0044756
0.00401959
0.00363183
0.00332648
0.0030677
0.00285559
0.00269608
0.00255348
0.00244858
0.00236888
0.00231754
0.00229146

0.0177188
0.0136285
0.0110467
0.00912438
0.00771751
0.00660816
0.00573175
0.0050299
0.00447652
0.00401591
0.00364167
0.00332029
0.00306528
0.002858
0.00268364
0.00255142
0.0024527
0.00237395
0.00231743
0.0022991

0.0184335
0.0136023
0.0110439
0.00914744
0.00773445
0.00661356
0.00573703
0.00503224
0.00447439
0.00401838
0.00363719
0.00332279
0.0030698
0.00285708
0.00268858
0.00255785
0.00244544
0.00237124
0.00232212
0.00229561

0.0178976
0.0135179
0.0110046
0.00916391
0.0077231
0.00661498
0.0057314
0.00502998
0.00447148
0.00401881
0.00363282
0.00332037
0.00306583
0.00285666
0.00269002
0.00255207
0.00244785
0.00237635
0.00232366
0.00229349

0.0176367
0.0135985
0.011047
0.00912952
0.00771754
0.0066099
0.00573027
0.00502564
0.00447025
0.00400465
0.00363819
0.00332276
0.00307109
0.00285833
0.00269363
0.00255594
0.00245022
0.0023741
0.00232191
0.00228722

cubic
4

0.0179316
0.0136453
0.0110417
0.00916673
0.00772626
0.00661536
0.00573144
0.00504078
0.00446968
0.00400757
0.00364139
0.00332198
0.00306983
0.00286102
0.00268871
0.00254766
0.00244968
0.00236964
0.00232475
0.00229474

0.0179988
0.0136685
0.0110461
0.00914152
0.00772065
0.00659865
0.00572973
0.00502975
0.0044735
0.00400958
0.0036343
0.00331916
0.00306245
0.00285401
0.00268629
0.00255975
0.00245299
0.00237165
0.00231631
0.00228896

0.0180519
0.0135836
0.0110633
0.0091392
0.00769609
0.00660408
0.00573479
0.00504533
0.00446853
0.00401371
0.00363489
0.00332205
0.00306228
0.00286122
0.00269707
0.00256013
0.00245286
0.00237325
0.00232344
0.0022932

0.01786
0.0136065
0.0110561
0.00914497
0.00772417
0.00661062
0.00573939
0.00503217
0.00447325
0.00402185
0.00363292
0.00332264
0.00307997
0.00286223
0.00269485
0.00255089
0.00245334
0.00237081
0.00231434
0.00229523

0.0178209
0.0136355
0.0110393
0.00913406
0.00770225
0.00660222
0.00574352
0.0050445
0.00446077
0.0040162
0.00363304
0.00331988
0.00306765
0.0028607
0.00268764
0.00254956
0.00245088
0.00237761
0.00231891
0.00228876

0.0179105
0.0136844
0.0110479
0.00916183
0.00771586
0.00659108
0.00573234
0.00505275
0.00446585
0.0040124
0.00363483
0.00332422
0.0030694
0.00286069
0.00268587
0.00255447
0.00244812
0.00237396
0.00232364
0.0022901

0.0178532
0.0136425
0.0110394
0.0091259
0.00770305
0.006614
0.00574068
0.00503012
0.00447529
0.00401235
0.00363863
0.0033216
0.00306727
0.0028615
0.00268938
0.00254791
0.00244639
0.00237069
0.00231749
0.00228492

0.0182042
0.0136139
0.0110328
0.00914232
0.00771043
0.00660981
0.00573574
0.00502665
0.00448652
0.00400892
0.0036277
0.00332965
0.00305811
0.00285338
0.00268457
0.00256316
0.00244243
0.00236527
0.00232146
0.002286

0.0181975
0.0136385
0.011051
0.00913991
0.00771217
0.00660047
0.00574244
0.00503099
0.00447077
0.00401372
0.00362632
0.0033227
0.00306285
0.00285504
0.00268952
0.00255349
0.0024434
0.00237319
0.00231855
0.00229227

0.0180285
0.0136302
0.0110631
0.00914212
0.00772602
0.00661382
0.00573372
0.00504317
0.00447354
0.00401098
0.0036379
0.00332374
0.00306462
0.00286035
0.00269177
0.0025552
0.0024497
0.00237326
0.00232109
0.00228505

