cubic
8

0.0163879
0.012388
0.00963045
0.00771274
0.00631356
0.0052668
0.00445538
0.0038259
0.00332235
0.00291446
0.00258734
0.00232347
0.00210869
0.00193939
0.00180235
0.00169725
0.00161683
0.00155803
0.00151879
0.00149786

cubic
8

0.0164639
0.0123704
0.00963666
0.00770897
0.00631315
0.00526637
0.00445802
0.00382332
0.00332124
0.00291132
0.00258594
0.00232279
0.00211065
0.00193822
0.00180262
0.00169616
0.00161544
0.00155844
0.00151777
0.00149682

cubic
8

0.0163855
0.0123854
0.00962916
0.00771154
0.00631268
0.00526382
0.00445856
0.00382314
0.00332106
0.00291351
0.00258661
0.00232345
0.00210897
0.00193799
0.0018033
0.00169714
0.00161592
0.00155809
0.00151789
0.00149572

