xyz
3, 3, 6

Running for value 1.3218454386828071...
0.0140868
0.0138089
0.0139707
0.0139624
0.0142319
0.014046
0.0144184
0.0143023
0.0141084
0.0141033

Running for value 7.429242462300721...
0.0126738
0.0125978
0.0128499
0.0126591
0.0128006
0.0130538
0.0127072
0.0127675
0.012986
0.0128588

Running for value 20.448998156279607...
0.0108954
0.0109827
0.0110323
0.0109533
0.0109435
0.0109042
0.0111045
0.0110773
0.0110286
0.0107624

Running for value 44.35579276774375...
0.00903561
0.00912586
0.00910458
0.00910693
0.00910301
0.00904468
0.00904129
0.00908709
0.00899816
0.00917947

Running for value 85.59512159890338...
0.00711467
0.00719814
0.0072021
0.00722648
0.00722524
0.00718454
0.00721735
0.00720963
0.00714814
0.00724471

Running for value 152.4321293389935...
0.00555711
0.00558564
0.0056141
0.00551818
0.00557315
0.00561874
0.00560593
0.00558585
0.00559421
0.00559772

Running for value 251.20242463993492...
0.0042992
0.0042466
0.0042607
0.00428082
0.00425821
0.0042531
0.00428484
0.00429353
0.00426727
0.00427457

Running for value 378.0986975526874...
0.00329283
0.00328956
0.00330739
0.00329229
0.00331524
0.00327638
0.00330497
0.00330131
0.00328474
0.00329005

Running for value 510.1482256352902...
0.00263711
0.00265389
0.00264364
0.0026583
0.00264756
0.00263622
0.00260922
0.00264988
0.00264214
0.00264126

Running for value 606.495129089744...
0.00230219
0.00229281
0.00230529
0.00231152
0.00229934
0.00229099
0.00230356
0.00229231
0.00230443
0.00228579

