xyz
3, 4, 6

Running for value 1.3218454386828071...
0.0146563
0.0146942
0.0147565
0.0146786
0.0146701
0.0146837
0.025147
0.0146432
0.01475
0.0147113

Running for value 7.429242462300721...
0.0131656
0.0131772
0.013154
0.0131352
0.0131718
0.0131467
0.0131747
0.013138
0.0131988
0.0131548

Running for value 20.448998156279607...
0.0111794
0.0112172
0.0111707
0.0111917
0.0112151
0.0111795
0.0111939
0.0112109
0.0111909
0.0112013

Running for value 44.35579276774375...
0.00917808
0.00916335
0.00917204
0.00915157
0.00915802
0.00915424
0.00919507
0.00916839
0.00918607
0.00918574

Running for value 85.59512159890338...
0.00729197
0.00727592
0.0072679
0.00726281
0.00728566
0.00728117
0.00727995
0.00729574
0.00726444
0.00728087

Running for value 152.4321293389935...
0.00563561
0.00564112
0.00562875
0.00562854
0.00564924
0.00562537
0.00563457
0.00563013
0.00564206
0.00562945

Running for value 251.20242463993492...
0.00429651
0.00429824
0.00430432
0.00430357
0.00431161
0.00430947
0.00431524
0.00430574
0.00430732
0.00429903

Running for value 378.0986975526874...
0.00331243
0.00331366
0.00331632
0.0033133
0.00331304
0.00331318
0.00331214
0.00331041
0.00331211
0.0033116

Running for value 510.1482256352902...
0.00265276
0.00265864
0.0026533
0.00265052
0.00265327
0.00265714
0.00265459
0.00265652
0.00265215
0.00266067

Running for value 606.495129089744...
0.002306
0.0023068
0.00230507
0.00230681
0.00231234
0.0023156
0.00230978
0.00230737
0.00230761
0.00231029

