xyz
4, 4, 6

Running for value 1.3218454386828071...
0.0149926
0.0150259
0.0148995
0.0150167
0.015164
0.0150516
0.0152093
0.0150812
0.0151143
0.0149111

Running for value 7.429242462300721...
0.0133609
0.0134044
0.0133395
0.0134993
0.0134759
0.0135929
0.0134088
0.0134672
0.0133246
0.0134709

Running for value 20.448998156279607...
0.011377
0.0113323
0.0113249
0.0114194
0.0113115
0.0113644
0.011417
0.0112851
0.0113376
0.0113637

Running for value 44.35579276774375...
0.00929142
0.00924784
0.00930243
0.00926851
0.00925181
0.00931451
0.00926783
0.00933607
0.00925847
0.00922845

Running for value 85.59512159890338...
0.00731621
0.00731568
0.00731829
0.00732204
0.00729887
0.00738473
0.00734923
0.00728152
0.0073549
0.00732956

Running for value 152.4321293389935...
0.0056538
0.00568305
0.00567602
0.0056751
0.00566351
0.0056577
0.00566138
0.00566105
0.00568769
0.00567649

Running for value 251.20242463993492...
0.0043401
0.00429734
0.00434428
0.00431488
0.00433973
0.00434235
0.00432946
0.00431247
0.00433519
0.00430816

Running for value 378.0986975526874...
0.0033274
0.00333022
0.00331441
0.00332845
0.0033338
0.00331515
0.00332669
0.00332591
0.00333692
0.00332752

Running for value 510.1482256352902...
0.00266173
0.00264965
0.00268807
0.00267072
0.00266629
0.00266127
0.00268928
0.00268136
0.00267285
0.00268915

Running for value 606.495129089744...
0.00232528
0.00231959
0.00230738
0.00232057
0.00231801
0.00231748
0.00231659
0.00231652
0.00230831
0.00232602

