xyz
6, 6, 6

Running for value 1.3218454386828071...
0.016016
0.0160981
0.0161392
0.0161476
0.0161171
0.0161412
0.0162429
0.0162684
0.0162104
0.0161722

Running for value 7.429242462300721...
0.0140828
0.0140943
0.0141524
0.0139775
0.0140792
0.0140962
0.0140972
0.0140608
0.0141122
0.0140458

Running for value 20.448998156279607...
0.0116802
0.0117226
0.0116976
0.0116235
0.011643
0.0117174
0.0116321
0.0116989
0.011739
0.011693

Running for value 44.35579276774375...
0.00945676
0.00945236
0.00943286
0.00943265
0.00943778
0.00945884
0.00943541
0.0094611
0.009448
0.00943661

Running for value 85.59512159890338...
0.00742939
0.00742115
0.00744756
0.00744996
0.00744034
0.00743031
0.00743534
0.00743898
0.00748391
0.0074215

Running for value 152.4321293389935...
0.00573226
0.00572368
0.00572715
0.00573275
0.00572485
0.00572339
0.00574529
0.00574599
0.00571284
0.00571423

Running for value 251.20242463993492...
0.00437263
0.0043621
0.00434605
0.00436332
0.00437687
0.00434001
0.00435706
0.00434632
0.00436281
0.00435846

Running for value 378.0986975526874...
0.00334557
0.00334306
0.0033391
0.00333937
0.00334556
0.00335262
0.0033402
0.00334613
0.00334896
0.00333863

Running for value 510.1482256352902...
0.00269062
0.00269051
0.00267937
0.00268235
0.00269274
0.00267576
0.00268073
0.00269316
0.00268765
0.0026799

Running for value 606.495129089744...
0.00232702
0.0023295
0.00233419
0.00233442
0.00232672
0.00234183
0.00234034
0.00232851
0.00232867
0.00232174

