cubic
2

Running for value 1.3218454386828071...
0.0125567
0.0126844
0.0127436
0.0121278
0.0118292
0.0128292
0.0123663
0.0128608
0.0119695
0.0126442

Running for value 7.429242462300721...
0.0116073
0.0119146
0.0118028
0.0117896
0.0117501
0.0115073
0.0115972
0.0107666
0.0114029
0.0113537

Running for value 20.448998156279607...
0.0103608
0.0105708
0.0103069
0.00988683
0.0108002
0.00993967
0.0101299
0.0100755
0.0105979
0.00989552

Running for value 44.35579276774375...
0.00876539
0.0085677
0.00845305
0.00862577
0.0087879
0.00831761
0.00884745
0.00881363
0.00864767
0.00872192

Running for value 85.59512159890338...
0.0067412
0.00707131
0.0069317
0.00701587
0.00715878
0.00700958
0.00699517
0.00707227
0.00718179
0.00672282

Running for value 152.4321293389935...
0.00553489
0.00537167
0.00564132
0.00546177
0.00554414
0.00548417
0.00555957
0.00542106
0.00525146
0.00555641

Running for value 251.20242463993492...
0.00415619
0.00417578
0.00415794
0.00414861
0.00426352
0.00413647
0.00425265
0.00410385
0.0041331
0.00416599

Running for value 378.0986975526874...
0.00319345
0.00318971
0.00322787
0.00321251
0.00327393
0.00323892
0.00314868
0.00323859
0.00331487
0.00311212

Running for value 510.1482256352902...
0.00269868
0.00261947
0.0027161
0.00254717
0.00257265
0.00259561
0.00263687
0.00268959
0.00259691
0.00260141

Running for value 606.495129089744...
0.00220901
0.00225727
0.00228355
0.00228082
0.00224887
0.00227028
0.00219062
0.00222256
0.00222653
0.00226387

