cubic
3

Running for value 1.3218454386828071...
0.0146877
0.0146951
0.0152426
0.0146289
0.0151047
0.0148996
0.0152002
0.0150797
0.0150256
0.0154114

Running for value 7.429242462300721...
0.0133306
0.0136071
0.0134807
0.0133591
0.0131298
0.0132466
0.0129266
0.0133711
0.0133377
0.0133394

Running for value 20.448998156279607...
0.0116539
0.0115083
0.0112513
0.0113476
0.011247
0.0112741
0.0111821
0.0112702
0.0116814
0.0114309

Running for value 44.35579276774375...
0.00942252
0.00944391
0.00941482
0.00936983
0.00909123
0.00937681
0.00947924
0.00903924
0.00935939
0.00940932

Running for value 85.59512159890338...
0.00744588
0.00737079
0.00730541
0.00725158
0.00742886
0.00741282
0.00732292
0.00751255
0.00732485
0.00745206

Running for value 152.4321293389935...
0.00571387
0.00562292
0.00575432
0.00570651
0.00565719
0.00566472
0.00567343
0.00564275
0.00565969
0.00573704

Running for value 251.20242463993492...
0.00425065
0.0042609
0.00430588
0.00426406
0.00433625
0.00432478
0.00439061
0.00435998
0.00436152
0.00444618

Running for value 378.0986975526874...
0.00335669
0.00334804
0.00330355
0.00334403
0.00332231
0.00335407
0.0033785
0.00336897
0.00333703
0.00340626

Running for value 510.1482256352902...
0.00262945
0.00265053
0.00261525
0.00264322
0.00264445
0.00264191
0.00264963
0.00268386
0.00265912
0.00267763

Running for value 606.495129089744...
0.00231249
0.00232333
0.00233335
0.00232874
0.00232175
0.00229772
0.00231394
0.00229913
0.00230805
0.00235315

