cubic
4

Running for value 1.3218454386828071...
0.0160636
0.0160599
0.0160573
0.0160602
0.0159973
0.0160964
0.0160416
0.0160378
0.0159949
0.0160464

Running for value 7.429242462300721...
0.0140664
0.0140536
0.0140581
0.0140971
0.0140757
0.0140893
0.0140856
0.0140907
0.0140801
0.0140939

Running for value 20.448998156279607...
0.0117432
0.0117275
0.0117455
0.0117316
0.0117396
0.0117167
0.0117238
0.0117352
0.0117318
0.0117411

Running for value 44.35579276774375...
0.00947123
0.00947958
0.00947151
0.00947097
0.00947756
0.00945936
0.00947416
0.00946802
0.00948075
0.0094728

Running for value 85.59512159890338...
0.00745315
0.00744891
0.00745013
0.00744868
0.00744809
0.0074489
0.0074457
0.00744198
0.00744174
0.00744924

Running for value 152.4321293389935...
0.00573107
0.00573923
0.00573884
0.00572429
0.00573534
0.00572503
0.00573733
0.00572576
0.00573795
0.00573278

Running for value 251.20242463993492...
0.00436303
0.00436003
0.00435602
0.00436081
0.00436222
0.0043596
0.00436533
0.00436448
0.00436207
0.00436681

Running for value 378.0986975526874...
0.00335151
0.00334884
0.00335328
0.00335194
0.00334974
0.00335206
0.00334915
0.00334955
0.00335201
0.00334874

Running for value 510.1482256352902...
0.00268685
0.00268595
0.00268436
0.0026863
0.00268247
0.00268434
0.0026872
0.00268229
0.00268685
0.00268538

Running for value 606.495129089744...
0.00233441
0.0023354
0.00233108
0.00233572
0.00233452
0.00233365
0.00233204
0.00233342
0.00233281
0.00233247

