ABC
3, 4, 6

0.00912879
0.00832306
0.00718322
0.00581695
0.00448713
0.00324214
0.0022458
0.00152396
0.00108696
0.00087323

0.00919952
0.00828112
0.00713947
0.00584456
0.00445815
0.00324177
0.00223677
0.00151989
0.00108304
0.000873373

0.00914486
0.00836496
0.00712522
0.00583208
0.0044767
0.00323742
0.00224069
0.00152346
0.00108165
0.000872835

ABC
3, 4, 6

0.00913538
0.00829982
0.00714304
0.00583617
0.00446926
0.00324915
0.00224259
0.00152827
0.00108108
0.000878202

0.00915634
0.00832874
0.00711174
0.00582681
0.00446356
0.00324275
0.00224279
0.00151589
0.00107917
0.000878558

0.00914276
0.00828611
0.00719134
0.00584238
0.00447189
0.00323466
0.00225268
0.0015282
0.00108271
0.00087568

ABC
3, 4, 6

0.00922622
0.00835584
0.00714705
0.00581096
0.00445549
0.00324054
0.00224208
0.00152328
0.00108697
0.00087216

0.00916612
0.00825312
0.0071546
0.00583172
0.00446804
0.00324277
0.00224261
0.00152584
0.00108428
0.000874363

0.00926523
0.00834226
0.00712256
0.00581794
0.00445753
0.00325299
0.0022428
0.00152792
0.0010807
0.000878798

0.00912988
0.00826728
0.00715178
0.00581942
0.00448402
0.00323466
0.0022421
0.00153054
0.00108523
0.000872717

ABC
3, 4, 6

0.00918439
0.00823439
0.00716839
0.00581137
0.00446843
0.00323707
0.00224518
0.00152289
0.00108063
0.000873671

0.00904413
0.00826362
0.00716426
0.00583398
0.00447163
0.00324386
0.0022518
0.00152814
0.00108373
0.000875481

0.009135
0.00828596
0.00713143
0.00581588
0.00448454
0.00326388
0.00224801
0.00151909
0.00108483
0.000877353

ABC
3, 4, 6

0.00920179
0.00833776
0.00711801
0.00582946
0.0044521
0.00326279
0.00224586
0.00152541
0.00108165
0.000873783

0.0091612
0.00832853
0.00713838
0.00581691
0.0044794
0.00323292
0.00223783
0.00151696
0.0010854
0.000874052

0.00918138
0.00828533
0.00714504
0.00581048
0.00448228
0.00324466
0.00224108
0.00151967
0.00108074
0.000873619

0.00917419
0.00835745
0.00716731
0.00582556
0.00448844
0.00323765
0.00224823
0.00151847
0.00108057
0.000873629

ABC
3, 4, 6

0.00908845
0.00831577
0.00713773
0.00583093
0.00446985
0.00325811
0.00224439
0.00152371
0.00108083
0.000874929

0.00918623
0.00834376
0.00711981
0.00583059
0.00446386
0.00323992
0.00224239
0.00151961
0.00108312
0.00087428

0.0091564
0.00823709
0.00717373
0.00581121
0.00447124
0.0032586
0.00224279
0.00152327
0.00108233
0.000875904

0.00910561
0.00833022
0.007152
0.00579547
0.00447248
0.0032462
0.00223123
0.00152669
0.0010874
0.000874989

0.00911806
0.00837017
0.00717039
0.00581112
0.00447059
0.00323694
0.00223615
0.00152418
0.00107994
0.000877822

0.00917329
0.00833752
0.00717502
0.00585016
0.004481
0.00324636
0.00224607
0.00152205
0.00108074
0.000874102

0.00919261
0.00831675
0.00716577
0.00582963
0.0044591
0.00325898
0.00224342
0.00152384
0.00107859
0.000873218

