ABC
4, 6, 6

0.00949528
0.00860148
0.00736419
0.00594264
0.0045448
0.00328258
0.0022663
0.00153148
0.00108792
0.000881648

0.0095824
0.00858589
0.00733488
0.00592851
0.00453724
0.00327884
0.00226291
0.00153911
0.00109235
0.00088218

0.00952803
0.00861011
0.00734509
0.00595309
0.00453873
0.0032831
0.00226118
0.0015357
0.00109057
0.000881856

0.00952216
0.00865664
0.00736924
0.00594263
0.00453581
0.00327822
0.00226734
0.0015294
0.00109216
0.000881222

0.00950108
0.00864018
0.00735283
0.00595644
0.00454439
0.00326934
0.00226971
0.0015302
0.00108964
0.000882601

0.0095756
0.00857001
0.00733104
0.00593796
0.00454122
0.00328186
0.00226294
0.00153479
0.00109355
0.000881375

0.0095254
0.00860785
0.00737826
0.00595418
0.00453388
0.00328097
0.00225946
0.00153469
0.00109246
0.000881202

0.00957311
0.00863489
0.00735439
0.00596587
0.00453537
0.00327123
0.00226233
0.00153518
0.00109135
0.000881738

0.00956231
0.00860967
0.00736734
0.00597507
0.00453589
0.00328319
0.00226603
0.00152585
0.00109513
0.000880744

0.00956432
0.00859613
0.00734471
0.0059329
0.00453557
0.00327367
0.00226316
0.00153533
0.00109011
0.000880837

ABC
4, 6, 6

0.00951939
0.00867935
0.00736388
0.00594065
0.00453332
0.0032735
0.00226206
0.00153582
0.00108878
0.000882093

0.00954933
0.0086312
0.00736452
0.00594161
0.0045424
0.00328375
0.00225678
0.00153112
0.0010887
0.00087881

0.00947539
0.00857817
0.00734147
0.00593779
0.00454713
0.00327969
0.00226267
0.00153523
0.00109361
0.000880636

0.00950861
0.00859249
0.00736812
0.00592362
0.00453401
0.00327556
0.00226921
0.00153261
0.00109341
0.000884155

0.0095558
0.00860508
0.00733447
0.00593778
0.00455124
0.00328179
0.00226613
0.00153389
0.0010912
0.000880415

ABC
4, 6, 6

0.00950142
0.00864698
0.00736203
0.00594418
0.00453821
0.00327124
0.00226503
0.00153321
0.00109504
0.000883481

0.00952974
0.00861538
0.00734072
0.0059215
0.00454161
0.00328309
0.002264
0.00153357
0.00109003
0.000882679

0.00950384
0.00857006
0.0073804
0.00596587
0.00453537
0.00327123
0.00226444
0.00153201
0.00109135
0.000880446

0.00951488
0.00864297
0.00739427
0.00596633
0.00454211
0.0032741
0.00226272
0.00153114
0.00109202
0.000882491

0.00954657
0.00860598
0.00735062
0.00593772
0.00453868
0.00327412
0.00226328
0.00152836
0.0010939
0.000882956

0.00951391
0.0086109
0.00736126
0.00594044
0.00455159
0.00328557
0.00226331
0.00153494
0.00109101
0.000882179

0.00950611
0.00861827
0.00736036
0.00594614
0.00454869
0.00327673
0.0022589
0.00153339
0.00109322
0.000879063

ABC
4, 6, 6

0.00950301
0.00862514
0.00735274
0.00595919
0.00453174
0.00327731
0.00226663
0.00153692
0.00108838
0.00088219

0.00956335
0.00859589
0.00736966
0.00593844
0.00453159
0.00327516
0.00226267
0.00153523
0.00109361
0.000882002

0.00951094
0.00862459
0.00735626
0.005953
0.00453747
0.00327948
0.00226454
0.00153202
0.00108976
0.000881635

0.00952617
0.00861809
0.00735475
0.00593772
0.00452705
0.00328549
0.00226081
0.00153689
0.00109211
0.000883953

