ABC
6, 8, 12

0.010327
0.00905253
0.00757789
0.0060506
0.00458636
0.0033014
0.00227492
0.001543
0.00109766
0.0008863

ABC
6, 8, 12

0.010327
0.00905253
0.00757789
0.0060506
0.00458636
0.0033014
0.00227492
0.001543
0.00109766
0.0008863

ABC
6, 8, 12

0.0103301
0.0090577
0.00758295
0.00605378
0.00458818
0.00329988
0.0022744
0.00154177
0.00109771
0.000886849

ABC
6, 8, 12

0.0102703
0.00904871
0.00756546
0.00605055
0.00459394
0.00330008
0.00227531
0.0015428
0.00109574
0.000886517

ABC
6, 8, 12

0.0103081
0.00906151
0.00759585
0.00604733
0.00459349
0.00330676
0.00227428
0.00154313
0.00109629
0.000887142

ABC
6, 8, 12

0.010287
0.00904528
0.00757032
0.00604701
0.0045924
0.00330329
0.00227752
0.00154473
0.00109657
0.000884855

ABC
6, 8, 12

0.0102831
0.00907553
0.00757431
0.0060399
0.00459328
0.0033061
0.00227884
0.00154166
0.00109657
0.000885913

ABC
6, 8, 12

0.0102831
0.00905074
0.00758153
0.00605755
0.00458724
0.00330335
0.00227907
0.00154175
0.00109733
0.00088546

ABC
6, 8, 12

0.0102831
0.00906792
0.00757548
0.0060507
0.00458709
0.00331034
0.00227784
0.00154187
0.00109457
0.000886334

