ABC
8, 12, 12

0.0104968
0.00914445
0.00761152
0.00606389
0.00459383
0.00330846
0.00227982
0.00154431
0.00109834
0.000886681

0.0105112
0.00914825
0.00760424
0.00606051
0.00459947
0.0033107
0.00227748
0.0015423
0.00109679
0.000886933

0.0104494
0.00913693
0.0076264
0.00606223
0.00460178
0.00331047
0.00227808
0.00154333
0.00109717
0.000886579

0.0104585
0.00912572
0.00760199
0.00607291
0.00459589
0.00330767
0.00227878
0.00154317
0.00109712
0.00088752

ABC
8, 12, 12

0.0104739
0.00913587
0.00760535
0.00606249
0.00460164
0.00330798
0.00227768
0.00154179
0.00109844
0.000886773

0.0104739
0.00915234
0.00760504
0.00605937
0.00460006
0.00330699
0.00227857
0.00154357
0.0010989
0.000886691

0.0104773
0.00913601
0.00761358
0.00606835
0.00460287
0.00330969
0.00227997
0.00154313
0.00109658
0.000886896

0.0104769
0.00914252
0.00760786
0.00605628
0.00459498
0.00330744
0.00228048
0.00154284
0.00109741
0.000886855

0.0104744
0.0091403
0.00761264
0.00606475
0.00460189
0.00330962
0.00227809
0.00154239
0.00109831
0.000887208

