xyz
3, 3, 12

0.0165524
0.0140885
0.0115852
0.00935757
0.00736905
0.00568588
0.00433461
0.00331643
0.00266454
0.00232331

0.0164513
0.0139837
0.0114931
0.00934499
0.00736115
0.00570143
0.00433087
0.00333684
0.0026732
0.00231972

0.0163951
0.0139998
0.01162
0.00933211
0.0073459
0.00567339
0.00436318
0.00334885
0.00266409
0.00232261

0.0164178
0.0140981
0.0116202
0.00937383
0.00735242
0.00569811
0.00434926
0.00332365
0.00267894
0.00232801

0.0164001
0.0139991
0.0115946
0.00931585
0.00738439
0.00568174
0.00431504
0.00333564
0.00265787
0.0023218

0.0164379
0.0140744
0.0116142
0.00937093
0.00736711
0.00566758
0.00435149
0.00332322
0.00267743
0.0023221

0.016495
0.014012
0.0115817
0.00935446
0.0073905
0.00569071
0.00432144
0.00332783
0.00266815
0.00232404

0.0165273
0.0140588
0.0115643
0.00935198
0.0073516
0.00570463
0.00432637
0.00333686
0.00267788
0.00232027

0.0164303
0.013997
0.0115333
0.00932821
0.00736442
0.00566467
0.00434617
0.00333015
0.00267258
0.00231878

0.0164234
0.0139725
0.011664
0.00932388
0.00735748
0.00564517
0.00431927
0.0033383
0.00267704
0.00232547

xyz
3, 3, 12

0.0164831
0.0141254
0.011577
0.00933782
0.00732447
0.00568692
0.00433591
0.0033248
0.00266844
0.00232889

0.0163922
0.014059
0.0115559
0.00933905
0.0073459
0.00569091
0.00431578
0.00333242
0.00267296
0.00230972

0.0163422
0.0140543
0.0116075
0.00937722
0.00737845
0.00567653
0.00432917
0.00332881
0.00266751
0.00230971

0.016435
0.0140345
0.0116099
0.00931769
0.00734057
0.00566254
0.00434009
0.00333397
0.00268092
0.00233045

0.016555
0.014023
0.0116066
0.00933745
0.00735143
0.00567528
0.00431986
0.00331973
0.00267342
0.00232712

0.0164757
0.0140212
0.0115224
0.00933525
0.00736132
0.0056517
0.00433633
0.00334805
0.00266755
0.00232485

0.0163404
0.0141384
0.0115724
0.00933428
0.00738353
0.00566151
0.00432807
0.00332801
0.00265199
0.00232021

0.0163646
0.0139767
0.0115724
0.00933713
0.00736659
0.0056833
0.00431882
0.00333112
0.00266624
0.00233435

0.0164157
0.0139823
0.011593
0.00939322
0.00735536
0.00569506
0.00433014
0.00332625
0.00266389
0.00231183

0.0166242
0.0139859
0.01158
0.00934949
0.00735839
0.0056859
0.00431387
0.00333528
0.00268053
0.00231807

xyz
3, 3, 12

0.0164724
0.0140449
0.0115294
0.009331
0.0073727
0.00567971
0.00432752
0.00332781
0.00266579
0.00232

0.0164253
0.0140059
0.0115818
0.0093414
0.00734874
0.00567874
0.00432692
0.00333073
0.00265698
0.00232118

0.0163474
0.0140713
0.0116171
0.00936801
0.00737421
0.00568561
0.00432116
0.00333262
0.00267133
0.00231682

0.0164273
0.0140821
0.0116267
0.0093579
0.00736429
0.00569707
0.00433061
0.0033277
0.00267074
0.00232208

0.016449
0.0140657
0.0115627
0.00934721
0.00736462
0.00567953
0.00432554
0.00333632
0.0026642
0.00232455

0.0164448
0.0140711
0.0116074
0.00938705
0.00735907
0.00568392
0.00434124
0.00333338
0.00267118
0.00231978

0.0164332
0.0140247
0.0115328
0.0093625
0.00736585
0.00567201
0.00433739
0.00333967
0.00267713
0.00232203

0.0164055
0.0140905
0.011537
0.00935318
0.00734888
0.0056598
0.00432527
0.00332133
0.00266664
0.00232356

0.0164306
0.0140752
0.0115337
0.00931455
0.00736434
0.00568051
0.00432593
0.00333805
0.00266403
0.00231381

0.016462
0.014033
0.0116132
0.00937009
0.0073737
0.00568242
0.00432801
0.0033328
0.00267125
0.00231849

xyz
3, 3, 12

0.0164171
0.014021
0.0115793
0.00935184
0.00739353
0.00568289
0.0043349
0.00332288
0.00267401
0.0023218

0.0164726
0.0139925
0.0115983
0.00937852
0.00734344
0.00568672
0.00433053
0.00333368
0.00267433
0.00231806

0.0164579
0.0140162
0.011603
0.00933367
0.00737869
0.00569169
0.0043274
0.00332827
0.00266842
0.00232366

0.0164122
0.0140447
0.0115862
0.00935924
0.00736335
0.00567894
0.00432738
0.00333961
0.00267361
0.00232195

0.0164156
0.0140408
0.0115619
0.00935135
0.00736094
0.00568498
0.00432329
0.00333292
0.00266908
0.00232032

0.0164458
0.0139718
0.0116012
0.0093384
0.00739522
0.00569035
0.00433772
0.00332827
0.00267486
0.00232416

0.0165379
0.0140701
0.011597
0.0093343
0.00737559
0.00568867
0.00432086
0.00332427
0.00266748
0.00232561

0.0164527
0.0140442
0.0115292
0.00936549
0.00736131
0.00567918
0.00433442
0.00333931
0.00267359
0.00231867

0.0164944
0.0140717
0.0115939
0.00935749
0.00735709
0.00569232
0.00433556
0.00332968
0.00267434
0.00232162

0.0165081
0.0140658
0.0115719
0.00933252
0.00739804
0.00567633
0.00433557
0.00332827
0.00266862
0.00231662

xyz
3, 3, 12

0.0164171
0.014021
0.0115793
0.00935184
0.00739353
0.00568289
0.0043349
0.00332288
0.00267411
0.0023218

0.0164013
0.0139925
0.0115539
0.00937852
0.00734344
0.0056745
0.00432128
0.00332104
0.00266837
0.00231731

0.0164159
0.0140137
0.0115848
0.00935438
0.00736602
0.00568409
0.00434362
0.00332572
0.00267146
0.00231795

0.0164765
0.0140139
0.0115773
0.00937751
0.00737448
0.0056893
0.00432662
0.00332429
0.00266531
0.00231888

0.0164917
0.0140386
0.0115753
0.00934865
0.00735519
0.00567268
0.00434591
0.00334038
0.00266977
0.0023231

0.0165101
0.0140613
0.0116151
0.00935823
0.00736279
0.00568224
0.00432509
0.00332799
0.0026752
0.00232042

0.0165031
0.0140681
0.0116242
0.00934064
0.00735783
0.00567915
0.00432584
0.0033341
0.00266786
0.00232284

0.016477
0.0139741
0.0115765
0.00937794
0.00737707
0.00567778
0.00433006
0.00333921
0.00266424
0.0023219

0.0165441
0.0139888
0.0116102
0.00938211
0.00736924
0.00567196
0.00433019
0.00334064
0.00266446
0.00232055

0.0165167
0.0140931
0.0115249
0.00937862
0.00737076
0.00568878
0.00432862
0.0033245
0.00266591
0.00232202

