xyz
3, 3, 6

0.0140177
0.0127677
0.0109718
0.0090023
0.00723075
0.00555691
0.0042983
0.00329774
0.00265321
0.0022947

0.0141076
0.0127324
0.0109027
0.00905285
0.00724039
0.00561384
0.00425539
0.00329235
0.00262921
0.00229017

0.0141225
0.0128683
0.0109965
0.0090642
0.00722456
0.00559705
0.00428149
0.00331738
0.00264529
0.00229356

0.0141423
0.0127373
0.0110176
0.00901023
0.0071803
0.00559687
0.00427822
0.00329215
0.00264489
0.00230558

0.0140732
0.012716
0.0108783
0.00907285
0.00720371
0.00560404
0.00427589
0.00329536
0.00263974
0.00228709

0.0141495
0.0128601
0.0109811
0.00900832
0.0071451
0.00557034
0.00426739
0.00329384
0.00264771
0.0023029

0.0140921
0.0128651
0.0109468
0.0090818
0.00721159
0.00558929
0.0042519
0.00329036
0.00265115
0.00230346

0.0140176
0.0127473
0.0110123
0.00902251
0.00717703
0.00560331
0.00426746
0.00329741
0.00264782
0.00230324

0.0140248
0.0128149
0.0108633
0.00904079
0.00722034
0.00559053
0.0043118
0.00327816
0.00264841
0.00230021

0.0140508
0.012761
0.0109859
0.00903691
0.00719048
0.00558978
0.00428216
0.00328958
0.00264147
0.00230367

xyz
3, 3, 6

0.0141627
0.0127783
0.010992
0.00902625
0.0072234
0.0056122
0.00429174
0.00330584
0.00263579
0.0022997

0.0140514
0.0127662
0.0109495
0.009008
0.00723066
0.00558191
0.00426493
0.0032779
0.00263441
0.00231041

0.014044
0.0127707
0.0109192
0.00900753
0.00721072
0.00556259
0.00430439
0.00328982
0.00264661
0.00230147

0.0140278
0.0127873
0.0110513
0.00906956
0.00721635
0.0056054
0.00427953
0.00328662
0.00265928
0.00228929

0.0140877
0.012798
0.010951
0.00905598
0.0071977
0.0056086
0.00427553
0.00328603
0.00264391
0.00229749

0.0141587
0.012755
0.0109846
0.0090246
0.00717888
0.00558362
0.00428475
0.00330388
0.00265104
0.00231224

0.0142193
0.0127003
0.0108997
0.00898905
0.00720097
0.00556835
0.00426517
0.00331213
0.00264586
0.00229301

0.0140918
0.012825
0.0109448
0.00904861
0.00718446
0.00559018
0.00425542
0.00329975
0.00263943
0.00229077

0.0140674
0.0127635
0.0109636
0.00903088
0.00722346
0.00557957
0.00426891
0.0032974
0.00264502
0.00229128

0.014201
0.0128081
0.0109799
0.0090392
0.00723679
0.00554507
0.00426834
0.00329527
0.0026464
0.0022999

xyz
3, 3, 6

0.0140553
0.012751
0.0110173
0.00908053
0.00718913
0.00559347
0.00427147
0.00327916
0.00264053
0.00230049

0.0141675
0.0127577
0.0109792
0.00904893
0.00720137
0.00558183
0.00426762
0.00329908
0.00264277
0.00229909

0.0140624
0.0126881
0.0109479
0.00901077
0.00718992
0.00559267
0.00430051
0.00329543
0.00263099
0.0022896

0.0141202
0.012776
0.0109752
0.00902043
0.00724983
0.00560855
0.00426409
0.00328424
0.00264007
0.00227282

0.0140514
0.0127583
0.0109894
0.00900716
0.00717437
0.00559854
0.00428265
0.0032893
0.00264173
0.00229254

0.0141102
0.0127772
0.0109585
0.00901469
0.00720022
0.00557335
0.00427201
0.00328816
0.00264029
0.00230914

0.0141386
0.0127866
0.0109147
0.00903809
0.00723098
0.0055799
0.00428836
0.00330278
0.0026408
0.00229957

0.0141015
0.0127878
0.0109672
0.00903294
0.00719032
0.00558815
0.00427266
0.0032882
0.00263251
0.00230136

0.0140511
0.0128202
0.0109972
0.00902195
0.00722078
0.00559955
0.00428352
0.00328204
0.00264385
0.00229165

0.0140658
0.0127398
0.0109489
0.00904746
0.00720673
0.00559602
0.00428019
0.00329577
0.00264109
0.00228379

xyz
3, 3, 6

0.0140996
0.0128312
0.0109599
0.00905727
0.00717749
0.00561549
0.00427892
0.00330681
0.00262834
0.00230423

0.0140914
0.0127618
0.010944
0.00907192
0.00718769
0.00559493
0.00428016
0.00329558
0.00265289
0.00229867

0.0140783
0.0128282
0.0109467
0.00905015
0.00718608
0.00557799
0.00427045
0.00329568
0.00264233
0.00230079

0.014068
0.0127579
0.0109193
0.00901231
0.00718513
0.00558867
0.00428888
0.00329992
0.00264593
0.00230271

0.014171
0.0128549
0.0109914
0.00905387
0.00719713
0.00559791
0.00428057
0.00329259
0.00264803
0.0022907

0.0140624
0.0127875
0.010952
0.00904314
0.00720112
0.00560645
0.00427351
0.00328292
0.00264324
0.00229873

0.014133
0.0126577
0.0109491
0.0090701
0.00717178
0.00559174
0.0042803
0.00329016
0.00265701
0.00229955

0.0141178
0.0127657
0.0110052
0.00903557
0.0072091
0.00560351
0.0042792
0.00329815
0.00264558
0.00229966

0.0140689
0.0127682
0.0109479
0.00903328
0.00720343
0.00559886
0.00426856
0.00328069
0.0026476
0.00230216

0.0140735
0.0126542
0.0109986
0.00905463
0.00718305
0.00559721
0.00427921
0.00329993
0.00263371
0.00230514

xyz
3, 3, 6

0.0140413
0.012805
0.0109346
0.00901776
0.00724301
0.00559919
0.00427053
0.00329498
0.00264681
0.00230443

0.0140864
0.0127386
0.010931
0.00906424
0.00718533
0.00559362
0.0042825
0.00327711
0.00265494
0.00229697

0.0140615
0.0127022
0.0109576
0.00903157
0.00719309
0.0055754
0.00428643
0.00327984
0.00264896
0.00229677

0.0141207
0.0127338
0.0109829
0.00904644
0.0072058
0.00559046
0.00427454
0.00329924
0.0026574
0.00229949

0.0141089
0.012844
0.0109093
0.00904157
0.00725412
0.00559028
0.00427738
0.00328862
0.00263292
0.00229738

0.014055
0.0127366
0.0110278
0.00904856
0.00717665
0.0055935
0.00428259
0.00329492
0.00264999
0.0022961

0.0140945
0.0128102
0.0109744
0.0090376
0.00721947
0.00560669
0.00427073
0.003309
0.00264377
0.00230282

0.0141655
0.0127863
0.0109435
0.00903645
0.00718195
0.00559734
0.00427827
0.00331221
0.00264558
0.00231188

0.0140498
0.0127935
0.0108987
0.00903902
0.00719799
0.00560886
0.00429141
0.00330184
0.00263953
0.00229575

0.0140785
0.0128426
0.0109321
0.00907523
0.0071909
0.00557168
0.00427723
0.00329869
0.00264202
0.00230069

