xyz
3, 4, 6

0.014641
0.0131455
0.0112366
0.00920214
0.00724762
0.0056347
0.00429772
0.00331315
0.00264969
0.00230472

0.014763
0.0131128
0.0111702
0.00916318
0.00732339
0.00560259
0.00430963
0.00330737
0.00263561
0.00230995

0.0148358
0.0131806
0.0111945
0.00915364
0.00729575
0.00561039
0.00429984
0.00330436
0.0026487
0.00230366

0.0147821
0.0131274
0.0112243
0.00915622
0.00729371
0.00561995
0.0042959
0.00330722
0.00266036
0.00231421

0.0147163
0.0131477
0.0112238
0.00916281
0.00729342
0.0056338
0.00429705
0.00331387
0.00265305
0.00231457

0.0145523
0.0131475
0.0112239
0.00917054
0.00726504
0.00564373
0.00428709
0.00330879
0.00265541
0.00230388

0.0146982
0.0131821
0.0111858
0.00918625
0.00726047
0.00566674
0.00431512
0.00331729
0.00264365
0.00230572

0.0146972
0.0131312
0.0111868
0.00915138
0.00728031
0.00561577
0.00432893
0.00331473
0.00265956
0.00231203

0.0147256
0.0131463
0.0111534
0.00916879
0.00727575
0.00563731
0.00432471
0.00332098
0.00264405
0.0023215

0.0146399
0.0132081
0.0112057
0.00918728
0.00726664
0.00560596
0.00432584
0.00331418
0.00266182
0.00231785

xyz
3, 4, 6

0.0147105
0.0131764
0.0112282
0.00919385
0.00728757
0.00564114
0.00430327
0.00332067
0.002659
0.00231308

0.0146788
0.0131573
0.0112421
0.00916098
0.00729465
0.00564795
0.00430378
0.00331597
0.00265026
0.00231224

0.0147137
0.0131731
0.011252
0.00921602
0.00729861
0.00563216
0.00429726
0.00331061
0.00265842
0.00230539

0.0147368
0.013183
0.0112261
0.00920703
0.00730193
0.00561153
0.00431396
0.00330059
0.00265211
0.00231586

0.0146676
0.0131672
0.0112489
0.00919763
0.00724831
0.00563466
0.00431118
0.0033069
0.00265498
0.00230498

0.0146327
0.0131329
0.0112229
0.00918409
0.00730185
0.00562917
0.00431561
0.00330651
0.00265846
0.0023036

0.018832
0.0131873
0.0111438
0.00913532
0.00726702
0.00562161
0.00430871
0.00331033
0.00265367
0.00231249

0.014653
0.013207
0.0112261
0.00917818
0.00729582
0.00564322
0.0042965
0.00331219
0.00265385
0.00230766

0.0146606
0.0131604
0.0111615
0.00921448
0.00727737
0.00565229
0.0043093
0.00332121
0.00265284
0.00230364

0.0146137
0.013156
0.0111977
0.0091925
0.00728664
0.00564284
0.00429961
0.00331262
0.00265409
0.00230871

xyz
3, 4, 6

0.014732
0.0132258
0.0111949
0.00917862
0.00728951
0.00563462
0.0043055
0.00333154
0.00266254
0.0023057

0.014707
0.0131593
0.0111979
0.00917322
0.00729246
0.00565376
0.0043029
0.00331808
0.0026567
0.00231332

0.0146319
0.0131659
0.0112615
0.00919496
0.0072648
0.00563065
0.00429122
0.00331807
0.00265399
0.00230601

0.0147281
0.0131511
0.0111674
0.00919812
0.00730408
0.00564223
0.00432072
0.0033293
0.00265927
0.00230723

0.0146569
0.0130797
0.0111417
0.009188
0.00725544
0.00565124
0.00431252
0.00330572
0.00266119
0.00230818

0.0146192
0.0131949
0.0112686
0.00917854
0.00728913
0.00564072
0.00430111
0.00330896
0.00266261
0.0023118

0.0146504
0.0132079
0.0112065
0.00916308
0.00729843
0.00564941
0.00430101
0.00329439
0.00265465
0.00230926

0.0146568
0.0131324
0.0111986
0.00915874
0.00730542
0.00563933
0.00431188
0.00331495
0.00265762
0.00231177

0.0147071
0.0132114
0.0111991
0.00918271
0.00729674
0.00562288
0.00429909
0.0033048
0.00265681
0.00231865

0.014715
0.0131269
0.0112379
0.00920129
0.0072923
0.00563115
0.00430891
0.00330265
0.00266057
0.00230939

xyz
3, 4, 6

0.0147528
0.0132351
0.0112099
0.00917266
0.00729272
0.00564165
0.00430727
0.00331921
0.00266382
0.00230641

0.0146968
0.0131538
0.011205
0.00916172
0.00726772
0.00564805
0.00429306
0.00331651
0.00265334
0.00230573

0.014704
0.0131762
0.0111649
0.00915931
0.00729458
0.00563731
0.00430163
0.00330871
0.00266082
0.00231377

0.0147222
0.013211
0.0111677
0.00915296
0.00727347
0.00562117
0.00430133
0.00331602
0.00264716
0.00230523

0.0147172
0.0131728
0.011181
0.00915256
0.00727591
0.00561807
0.00430204
0.00331226
0.00266131
0.00230955

0.0147126
0.0131445
0.0111723
0.00919441
0.00727974
0.0056286
0.0043093
0.00330388
0.0026465
0.00230745

0.0147187
0.0131721
0.0111782
0.00917199
0.00728424
0.00564445
0.00430034
0.00331972
0.00266173
0.00230735

0.0147331
0.0132266
0.0111712
0.00918453
0.00727082
0.00565604
0.00430764
0.00330825
0.00266087
0.00231195

0.0218759
0.0132434
0.0111432
0.00915596
0.00728263
0.00563626
0.00431002
0.00330968
0.00265603
0.002307

0.0147806
0.0131383
0.0112211
0.0091247
0.00727731
0.0056342
0.00430072
0.00330171
0.0026585
0.00230321

xyz
3, 4, 6

0.0147603
0.0131411
0.0111981
0.00916926
0.00725535
0.00565491
0.00431382
0.00331281
0.00266225
0.00231352

0.0147295
0.013196
0.0111627
0.00919156
0.00727624
0.0056484
0.00430117
0.00331658
0.00265667
0.002304

0.014699
0.0131799
0.0112103
0.00919427
0.0072588
0.00563986
0.00430306
0.00331496
0.00265213
0.00230322

0.0147053
0.0131852
0.0111962
0.00916547
0.00730303
0.00562626
0.00431376
0.00331506
0.00264686
0.00231069

0.01467
0.013193
0.0112057
0.00918248
0.00726555
0.00563767
0.00429519
0.0033151
0.00265694
0.00230998

0.0147769
0.0131406
0.0111741
0.00919665
0.00726653
0.00563261
0.00430438
0.00330746
0.00265329
0.00230507

0.0147417
0.0131823
0.0112092
0.00917961
0.00730189
0.00562876
0.00428461
0.00331428
0.0026538
0.00230505

0.0147477
0.0131619
0.0111656
0.0091547
0.00727681
0.00562752
0.00431143
0.00330108
0.00266067
0.00230826

0.0147087
0.0131327
0.0112476
0.00916682
0.00727459
0.00563189
0.00431256
0.00330237
0.00265525
0.00230096

0.0146189
0.0132001
0.011278
0.00916493
0.00728914
0.00562884
0.00429621
0.00331069
0.00265275
0.00231154

