xyz
4, 4, 6

0.0150182
0.013488
0.0113343
0.00925679
0.00738621
0.0056912
0.00431217
0.00332659
0.00266796
0.00232437

0.0150409
0.0133266
0.0113781
0.00924592
0.00734779
0.0056826
0.00432765
0.0033344
0.00266107
0.00231706

0.0150762
0.0133912
0.01133
0.00929507
0.00734029
0.0056685
0.0043277
0.0033216
0.00266785
0.00231816

0.0149613
0.0134702
0.0113991
0.00926296
0.00736848
0.00570782
0.00432449
0.0033364
0.00265452
0.00232259

0.0150127
0.0133876
0.0113424
0.00922299
0.00733079
0.00565986
0.00430937
0.0033271
0.0026689
0.00231981

0.0150702
0.0134013
0.0113724
0.00928798
0.0073545
0.00566597
0.00431301
0.00332871
0.00266757
0.00231634

0.0149974
0.0134438
0.0113682
0.0092819
0.00734035
0.00568653
0.00432836
0.00331985
0.00265958
0.00232626

0.0150173
0.0134533
0.0113238
0.00921357
0.00733244
0.00570583
0.00432967
0.00331361
0.00267498
0.00232663

0.0149361
0.0134225
0.011359
0.00923731
0.00733711
0.0056386
0.0043187
0.00332238
0.00267168
0.00232113

0.0150459
0.0135137
0.0113801
0.00927998
0.00735371
0.00568691
0.00433248
0.00332912
0.00266317
0.00231904

xyz
4, 4, 6

0.0149632
0.0134635
0.0113546
0.00925403
0.00732238
0.00566649
0.00433632
0.00332725
0.00266815
0.00231927

0.0150997
0.0134126
0.0113681
0.00926328
0.00732072
0.00565679
0.00432642
0.00333051
0.00266219
0.00231484

0.0149999
0.0134361
0.0112965
0.00931183
0.00735802
0.00566541
0.00432112
0.00332267
0.00266746
0.00231892

0.0150333
0.013404
0.0113708
0.00927284
0.00732827
0.00565899
0.00431737
0.00332851
0.0026716
0.00232131

0.0150487
0.0133915
0.011326
0.00927143
0.00733131
0.00566221
0.00432956
0.00332303
0.002664
0.00231249

0.0149464
0.0134409
0.0113518
0.0092571
0.00731892
0.00566712
0.00432643
0.00331687
0.00266973
0.00232504

0.0150728
0.0134485
0.0113714
0.00923243
0.00734009
0.00568772
0.00434409
0.00333058
0.00266789
0.00232167

0.0150327
0.0134036
0.0113682
0.00926094
0.0073184
0.00563473
0.00433698
0.00332816
0.00266239
0.00232203

0.0150193
0.0133415
0.0113199
0.00925136
0.00734976
0.00566583
0.00432208
0.00331486
0.00267194
0.00231753

0.0150385
0.0134872
0.0113947
0.00926718
0.00734352
0.0056524
0.00432786
0.00331913
0.00266393
0.00231162

xyz
4, 4, 6

0.0150506
0.013375
0.0113145
0.00923573
0.00737825
0.00565931
0.00432582
0.00332858
0.00267286
0.00232029

0.0150909
0.0133993
0.011369
0.00923576
0.00733568
0.00566118
0.00432795
0.00332801
0.002661
0.00231941

0.0150173
0.0134143
0.0113397
0.00929312
0.00734079
0.00566977
0.00432209
0.00333184
0.0026671
0.00231953

0.0150736
0.0134045
0.0113483
0.00928339
0.00735734
0.00566883
0.00433595
0.00332856
0.00266985
0.00231278

0.0150063
0.0134298
0.0113837
0.00929097
0.00733548
0.00566138
0.00431218
0.00332431
0.00266251
0.00231432

0.0150103
0.0133771
0.0113645
0.00924651
0.00732661
0.00566759
0.00432401
0.00332389
0.00266289
0.00231951

0.0149986
0.0134077
0.0113413
0.00929078
0.00733205
0.00566303
0.0043303
0.00332771
0.00265562
0.00231614

0.0150336
0.0134096
0.0113984
0.00926296
0.00732596
0.00565201
0.00432318
0.00332855
0.00266207
0.00232043

0.0150443
0.0134551
0.0113715
0.00929763
0.00731782
0.00566744
0.00432711
0.0033216
0.00266225
0.00231892

0.0150384
0.0134193
0.0113578
0.00927129
0.0073578
0.00567878
0.00433006
0.00332147
0.00266753
0.00231404

xyz
4, 4, 6

0.0150445
0.0134494
0.0113942
0.00926616
0.00732553
0.00567822
0.00432274
0.0033256
0.00266635
0.00231562

0.015101
0.0134274
0.0113621
0.00928047
0.00736356
0.00564687
0.00432459
0.00331261
0.00266489
0.00231483

0.0149915
0.0134942
0.011329
0.00927204
0.00733485
0.00567082
0.00433047
0.00333433
0.00266965
0.00231821

0.0150035
0.013456
0.0113341
0.00925566
0.00733381
0.00566085
0.00431542
0.00332379
0.0026701
0.00231529

0.0150616
0.0133261
0.0113393
0.00927902
0.00733504
0.00567703
0.00432166
0.00332565
0.00267478
0.00232416

0.0150372
0.0133562
0.0113486
0.00926349
0.0073414
0.00566936
0.00431575
0.00332269
0.00266834
0.0023144

0.015029
0.0134052
0.0113568
0.00927469
0.00734775
0.0056624
0.0043403
0.0033181
0.002668
0.00231569

0.0150452
0.0134209
0.0113473
0.00925705
0.00731378
0.00566909
0.00433223
0.00332897
0.00266362
0.00232368

0.0150615
0.0134663
0.0113484
0.00927795
0.00733233
0.00566545
0.00431825
0.00332526
0.00266702
0.00231481

0.0150133
0.0134308
0.0113522
0.00929058
0.00733026
0.00566532
0.00432106
0.00333242
0.00266477
0.00231536

xyz
4, 4, 6

0.0150445
0.0134494
0.0113942
0.00926616
0.00732553
0.00567822
0.00432161
0.00332339
0.00265919
0.0023177

0.0151214
0.0133696
0.0113704
0.00927483
0.00733262
0.00567356
0.00430294
0.00331682
0.00267406
0.00231952

0.015055
0.0134448
0.0113686
0.00930401
0.00732624
0.00567772
0.00433404
0.00332326
0.00265863
0.00231935

0.0150368
0.0133949
0.0114039
0.00924031
0.00733009
0.00565988
0.00432359
0.00332487
0.00267582
0.0023246

0.0151216
0.0134319
0.0113452
0.00929036
0.00732104
0.00567581
0.00432149
0.00333674
0.00266255
0.00231935

0.0150416
0.0134035
0.011346
0.00923662
0.00731565
0.00568519
0.00432856
0.00332539
0.00265856
0.002327

0.0150645
0.0133957
0.0113783
0.00931908
0.0073424
0.00565245
0.00431355
0.00332107
0.00266303
0.00231759

0.0149946
0.0134128
0.0113503
0.00930551
0.00734017
0.00567849
0.00432831
0.00332852
0.00265969
0.0023129

0.0150593
0.0135007
0.011342
0.00927677
0.00734873
0.00566825
0.00432
0.00333303
0.00266722
0.00231681

0.014999
0.0134915
0.0113535
0.00927577
0.0073173
0.00567523
0.00433919
0.00333428
0.00266661
0.00232081

