xyz
4, 4, 12

0.0162653
0.0141535
0.0117511
0.00945176
0.00742533
0.00571536
0.00436034
0.00335552
0.00268848
0.00233277

0.016461
0.0140655
0.0117198
0.00940157
0.00743504
0.00572324
0.00435766
0.00335018
0.00268463
0.00232737

0.0161707
0.0141382
0.0117469
0.00950432
0.00748482
0.00572711
0.00436577
0.00334712
0.00268338
0.00233034

0.0162449
0.014017
0.0117177
0.00943495
0.00743539
0.00572803
0.00435517
0.00334991
0.00268113
0.00233492

0.016436
0.0141207
0.0117154
0.00946093
0.00740473
0.00572386
0.00435983
0.00336555
0.00268556
0.00232911

0.0162063
0.0140922
0.0117001
0.0094654
0.0074098
0.0057041
0.00435933
0.00334538
0.00268314
0.00233557

0.0163095
0.0141245
0.0116884
0.00945
0.00744344
0.0057376
0.00434709
0.00335388
0.0026825
0.0023353

0.0163634
0.0141627
0.011662
0.009429
0.00740241
0.00570362
0.00435693
0.00335665
0.00267693
0.00232563

0.0162949
0.0140825
0.0117638
0.00946276
0.00741992
0.00570556
0.0043692
0.00334555
0.00268566
0.00232508

0.0161878
0.0141458
0.0116746
0.00944692
0.00745887
0.00571814
0.00437206
0.00335806
0.00266734
0.00233314

xyz
4, 4, 12

0.0163692
0.0140826
0.0116986
0.00941121
0.00744588
0.00572017
0.00434926
0.00334293
0.00268649
0.00233254

0.0162788
0.0141441
0.011728
0.00946281
0.00741886
0.00570487
0.00435215
0.00334326
0.00268456
0.00233067

0.0162532
0.014094
0.0116994
0.00944627
0.00742808
0.00572056
0.00436418
0.0033402
0.00268106
0.00233195

0.01625
0.0140901
0.0116854
0.00945635
0.00739891
0.0057344
0.00435293
0.00334841
0.00268869
0.00233743

0.0163189
0.0140504
0.0117389
0.00943802
0.00741488
0.00571786
0.00436346
0.00334953
0.00267568
0.00233146

0.0162635
0.0141319
0.0117144
0.00944674
0.00745203
0.00571538
0.00436335
0.00334998
0.00268454
0.00233566

0.0163473
0.0141365
0.0116538
0.00944642
0.00742255
0.00571964
0.00435004
0.00333818
0.00267943
0.00232209

0.0164388
0.0141326
0.0117069
0.00943074
0.00744866
0.00571809
0.00436605
0.00335639
0.00267913
0.0023213

0.0162781
0.0141767
0.0117131
0.00945066
0.00742356
0.00572942
0.00437063
0.00334784
0.00268253
0.00233144

0.0163959
0.0141328
0.0117138
0.00943454
0.00742609
0.00570999
0.00437449
0.00335018
0.00268543
0.00232223

xyz
4, 4, 12

0.0163364
0.0141117
0.0116869
0.0094371
0.00742468
0.0057185
0.00435059
0.00335066
0.00268385
0.00233381

0.016323
0.0141101
0.0116741
0.00944366
0.00743197
0.0057266
0.00435
0.00334242
0.00267434
0.00232807

0.0162949
0.014112
0.0117264
0.00944963
0.00742819
0.00571506
0.00434813
0.00335037
0.0026851
0.00233058

0.0162858
0.0140992
0.011713
0.00946758
0.0074387
0.00572186
0.00434679
0.00334046
0.002676
0.00232752

0.0163166
0.0140689
0.0116865
0.00944179
0.00743377
0.00571514
0.00435309
0.00334495
0.00267854
0.00233742

0.0162898
0.014153
0.0117005
0.00944858
0.007434
0.00573304
0.00436134
0.00334771
0.00268687
0.00233137

0.016319
0.0141336
0.011709
0.00943138
0.0074194
0.005719
0.00436201
0.0033543
0.00267947
0.00233637

0.0163156
0.0140888
0.011726
0.00943144
0.0074522
0.00572571
0.00435442
0.00334462
0.00268126
0.00233099

0.0163395
0.0140921
0.0116905
0.00943702
0.00742342
0.00572597
0.00434703
0.00334372
0.00268783
0.00233131

0.0163191
0.0141036
0.011731
0.00943301
0.00742486
0.00572138
0.00436238
0.00334844
0.00267952
0.00233427

xyz
4, 4, 12

0.0163938
0.0140971
0.0116911
0.00945002
0.00740803
0.00572089
0.00435078
0.00334398
0.00268504
0.00233075

0.0163164
0.0140988
0.0116473
0.00942273
0.00743564
0.00571234
0.00435258
0.00334624
0.00267952
0.00233006

0.0162927
0.0141002
0.0116858
0.0094266
0.00742883
0.00571706
0.00436451
0.00334943
0.00267796
0.00232945

0.0162986
0.0140825
0.0117226
0.00945197
0.00743448
0.00571119
0.00435181
0.003345
0.00268263
0.00232702

0.016334
0.0141225
0.0117235
0.00944897
0.00744241
0.00572159
0.00435274
0.00334576
0.00268648
0.00232766

0.0162273
0.0140955
0.0116898
0.00944255
0.00742142
0.00572182
0.00435134
0.00334619
0.00268457
0.00233522

0.0162555
0.0141412
0.0117284
0.00945561
0.00743503
0.0057148
0.00434736
0.0033427
0.0026882
0.00232953

0.0162969
0.0140883
0.0117189
0.00945228
0.00742129
0.00571529
0.00435791
0.0033518
0.00267946
0.00233113

0.0163477
0.0141478
0.0116491
0.00945306
0.00743251
0.0057168
0.0043502
0.00335595
0.00268261
0.00233605

0.016308
0.0141346
0.0116599
0.00944728
0.00744661
0.00572608
0.00436419
0.00334385
0.00268422
0.00232715

xyz
4, 4, 12

0.0162436
0.014155
0.0117083
0.00944807
0.00741467
0.00572118
0.00434627
0.00334504
0.00268648
0.00232915

0.0162976
0.0141236
0.011698
0.00943304
0.00742492
0.00572033
0.00435691
0.00335066
0.00267882
0.00232447

0.016293
0.0141465
0.0116928
0.00942587
0.0074301
0.00572614
0.00434735
0.00334149
0.00268354
0.0023297

0.016311
0.0140934
0.0117128
0.00943498
0.00742231
0.00572153
0.00435843
0.00334419
0.00268373
0.00232768

0.0162966
0.0141294
0.011689
0.00943451
0.00744305
0.00573144
0.00435512
0.00334242
0.00268679
0.00232328

0.0163321
0.0141572
0.0116791
0.0094521
0.00741378
0.00571453
0.00435756
0.00335314
0.00267732
0.00233106

0.0163931
0.0141007
0.0116985
0.00943028
0.00743133
0.00571413
0.00435192
0.00335052
0.00268441
0.00232921

0.0162747
0.014149
0.0117097
0.00945482
0.00742728
0.00572281
0.00435323
0.00334501
0.00268152
0.00233012

0.016296
0.0141198
0.011732
0.009458
0.0074335
0.00572512
0.00435904
0.00334662
0.00268041
0.00233357

0.0162781
0.0141136
0.0116851
0.0094632
0.00741635
0.00572359
0.00435053
0.00334206
0.00268374
0.00232902

