xyz
6, 6, 6

0.016016
0.0140828
0.0116802
0.00945676
0.00742939
0.00573226
0.00437263
0.00334557
0.00269062
0.00232702

0.0160981
0.0140943
0.0117226
0.00945236
0.00742115
0.00572368
0.0043621
0.00334306
0.00269051
0.0023295

0.0161392
0.0141524
0.0116976
0.00943286
0.00744756
0.00572715
0.00434605
0.0033391
0.00267937
0.00233419

0.0161476
0.0139775
0.0116235
0.00943265
0.00744996
0.00573275
0.00436332
0.00333937
0.00268235
0.00233442

0.0161171
0.0140792
0.011643
0.00943778
0.00744034
0.00572485
0.00437687
0.00334556
0.00269274
0.00232672

0.0161412
0.0140962
0.0117174
0.00945884
0.00743031
0.00572339
0.00434001
0.00335262
0.00267576
0.00234183

0.0162429
0.0140972
0.0116321
0.00943541
0.00743534
0.00574529
0.00435706
0.0033402
0.00268073
0.00234034

0.0162684
0.0140608
0.0116989
0.0094611
0.00743898
0.00574599
0.00434632
0.00334613
0.00269316
0.00232851

0.0162104
0.0141122
0.011739
0.009448
0.00748391
0.00571284
0.00436281
0.00334896
0.00268765
0.00232867

0.0161722
0.0140458
0.011693
0.00943661
0.0074215
0.00571423
0.00435846
0.00333863
0.0026799
0.00232174

xyz
6, 6, 6

0.016215
0.0140067
0.0117463
0.00943494
0.00743417
0.00573456
0.00435609
0.00334534
0.00268917
0.00232722

0.0161952
0.01403
0.0116781
0.00943563
0.00744045
0.0057451
0.00435668
0.00334155
0.00268032
0.00232957

0.0160936
0.0140439
0.0116869
0.00944902
0.00743714
0.00570903
0.00435174
0.00335285
0.00268667
0.00233566

0.0161565
0.0140226
0.0117126
0.00945574
0.00743813
0.00572134
0.00436721
0.00335469
0.00268252
0.0023293

0.0162059
0.0140802
0.0116908
0.00945968
0.00743429
0.00572732
0.00435581
0.00334781
0.00268327
0.0023275

0.0162254
0.0140324
0.011673
0.00943932
0.00743651
0.00573233
0.00435682
0.00335103
0.00268244
0.00232972

0.0161493
0.0140365
0.0116876
0.0094402
0.00744352
0.00572385
0.0043564
0.00335421
0.00268064
0.00233121

0.0162034
0.014007
0.0117192
0.00945337
0.00746561
0.00572275
0.00436002
0.00335258
0.0026884
0.00233347

0.0161803
0.0140835
0.0117303
0.00945818
0.00742815
0.00573699
0.00435058
0.00334447
0.00268233
0.00233347

0.016237
0.0140762
0.0117359
0.00944316
0.00743634
0.00572624
0.00436406
0.00333972
0.0026826
0.0023273

xyz
6, 6, 6

0.0161646
0.0140409
0.0117123
0.00946365
0.00742217
0.00573524
0.00435603
0.00334731
0.00268564
0.00233232

0.0161733
0.0140936
0.0116919
0.00943944
0.00744108
0.00572424
0.00434661
0.00335022
0.00268182
0.00233171

0.016239
0.0140921
0.0117132
0.00944658
0.00743796
0.00571373
0.00435912
0.00335098
0.0026845
0.00233255

0.016218
0.0140373
0.0116598
0.00946127
0.00742056
0.00572277
0.00435741
0.00335012
0.00268503
0.00233096

0.0161778
0.0140779
0.0116833
0.00944952
0.00745333
0.00573292
0.00434633
0.0033527
0.00268595
0.00232942

0.0162034
0.0140527
0.01171
0.00943804
0.00744524
0.00572414
0.00436055
0.00335586
0.00268519
0.00232986

0.0162479
0.0140692
0.0117135
0.00945495
0.007451
0.00571462
0.00435692
0.00335533
0.00268313
0.00232944

0.0162032
0.0140786
0.0116987
0.00943156
0.00744004
0.00571223
0.00435523
0.00334405
0.00268469
0.0023276

0.0162414
0.0140009
0.0116859
0.00946093
0.0074381
0.00573156
0.00435309
0.00335347
0.00268176
0.00233661

0.0161543
0.0140539
0.011697
0.00947234
0.00743258
0.00572839
0.00435956
0.00335355
0.00268441
0.00233637

xyz
6, 6, 6

0.0161681
0.0140584
0.0117175
0.00944511
0.00743769
0.00571944
0.00435743
0.00334995
0.00268014
0.00233273

0.0161613
0.0140603
0.0116947
0.00943569
0.00743982
0.00573811
0.00435601
0.00334688
0.00268687
0.00232961

0.0162129
0.0140542
0.0116984
0.00943201
0.00744489
0.0057351
0.00435241
0.00334668
0.00267943
0.00233227

0.0161541
0.0140661
0.0117098
0.00944215
0.00742175
0.00571713
0.00435504
0.00335134
0.00268228
0.00233374

0.0162369
0.0141173
0.0116854
0.0094525
0.00742261
0.00572722
0.00435939
0.00335297
0.00268461
0.00233567

0.0162133
0.0141229
0.01168
0.00944841
0.00744722
0.00573139
0.00435562
0.00334921
0.00268592
0.00233246

0.0161427
0.0140788
0.011668
0.00945838
0.00744824
0.00571319
0.00436212
0.003352
0.00268208
0.00233293

0.016166
0.0140426
0.0116975
0.0094598
0.00744007
0.00572168
0.00436073
0.00334822
0.00268457
0.00232928

0.0162077
0.0140909
0.0116906
0.00947494
0.00742813
0.0057227
0.00434946
0.00335736
0.0026853
0.00233152

0.0161466
0.0140609
0.0116937
0.00943611
0.00744901
0.0057274
0.00435917
0.00334893
0.0026807
0.00233014

xyz
6, 6, 6

0.0161692
0.0140168
0.0116547
0.00944408
0.0074291
0.00573309
0.00435951
0.00335022
0.00268595
0.00233406

0.0162271
0.0140736
0.0116998
0.00945303
0.00743035
0.00571425
0.00436152
0.00335676
0.00268407
0.00233108

0.0161301
0.0140801
0.0116737
0.00944778
0.00744823
0.00573172
0.00436431
0.00335024
0.00268039
0.00233299

0.0161558
0.0140965
0.0117085
0.00946323
0.00743613
0.00573042
0.00436262
0.00335051
0.00268181
0.00233125

0.0161565
0.0140289
0.0117079
0.00945231
0.00742515
0.00572701
0.00435449
0.00334934
0.00268777
0.00233278

0.0161783
0.0140563
0.0116545
0.00945269
0.00744487
0.00571967
0.00436302
0.0033523
0.00268294
0.00232977

0.0161971
0.0140523
0.0117041
0.00945231
0.00743403
0.00573251
0.00436987
0.0033532
0.00267927
0.00233137

0.0161105
0.0140417
0.0117116
0.00943362
0.00743847
0.00571729
0.00435393
0.00334674
0.00269126
0.00233299

0.0162185
0.0140688
0.0116675
0.00944587
0.00742743
0.00573528
0.00435029
0.0033471
0.00268006
0.00233022

0.0161197
0.0140725
0.011682
0.00945193
0.00743686
0.0057233
0.00436403
0.00334113
0.00268119
0.00232905

