cubic
4

0.0160719
0.0139968
0.0117175
0.00946271
0.00744209
0.00572486
0.00435323
0.0033574
0.00268207
0.0023358

0.0160471
0.0140828
0.0117024
0.00951549
0.0074281
0.00572144
0.00434848
0.003348
0.00267797
0.0023324

0.016096
0.0141309
0.011728
0.00948464
0.00744271
0.00572808
0.0043571
0.00335687
0.00268495
0.00233433

0.0160878
0.0140004
0.0117698
0.00948676
0.00745233
0.00572757
0.00435557
0.00334721
0.00268542
0.00232886

0.0159801
0.0141358
0.011763
0.00951328
0.00744711
0.00572659
0.00436259
0.00336238
0.00267661
0.00233551

0.016114
0.0140856
0.0116839
0.00948052
0.00744582
0.00573124
0.00436218
0.00335976
0.00268529
0.00233421

0.0160046
0.0140886
0.0117492
0.00947546
0.00742766
0.00571393
0.00435717
0.00335234
0.00268107
0.0023243

0.0159869
0.0140977
0.0117114
0.00947951
0.00745507
0.00576314
0.00436211
0.00335409
0.00269233
0.00233545

0.0160415
0.0140603
0.0117394
0.00945487
0.00743541
0.00573768
0.0043727
0.00334787
0.00269247
0.0023414

0.0160426
0.0141105
0.0117648
0.00947565
0.00743957
0.00572396
0.00434066
0.00335069
0.00269228
0.00233179

cubic
4

0.016105
0.0140691
0.0117417
0.00945977
0.00745731
0.00573018
0.0043612
0.00334967
0.00269146
0.00233428

0.016058
0.0140655
0.0117412
0.00948513
0.0074446
0.00572594
0.00436439
0.00334744
0.0026789
0.00233332

0.0160304
0.0140683
0.0117472
0.00947265
0.00744586
0.00573272
0.00436649
0.00335022
0.00268283
0.00233467

0.0160254
0.0140834
0.011768
0.00946396
0.00744928
0.00572914
0.00436053
0.00335067
0.00268649
0.00233176

0.016131
0.0141153
0.0117634
0.00948212
0.00745657
0.00572601
0.00436219
0.00335853
0.00268205
0.00233373

0.0160517
0.0141008
0.0117314
0.00945246
0.00746165
0.00574041
0.00435682
0.00335214
0.00268258
0.00233288

0.0160346
0.014087
0.0117414
0.00947448
0.00746358
0.00573237
0.00436878
0.00334999
0.00268152
0.00233439

0.01607
0.0140935
0.0117306
0.00947131
0.00744323
0.00572854
0.00435892
0.00335448
0.00268958
0.00233172

0.0160683
0.0140998
0.0117517
0.00948328
0.00746157
0.00573241
0.00436302
0.00335251
0.00268108
0.00233248

0.0160142
0.014075
0.0117183
0.00948221
0.00745975
0.00573575
0.00436701
0.00335801
0.00268964
0.00233528

cubic
4

0.0160421
0.0141256
0.0117224
0.00946326
0.00746305
0.00574286
0.00436557
0.0033509
0.00268032
0.00233027

0.0160764
0.014097
0.011735
0.00948016
0.00744241
0.00572571
0.00436661
0.00335416
0.00268286
0.00233398

0.0160496
0.0140766
0.0117342
0.0094798
0.00745577
0.00573011
0.00436264
0.00335456
0.00268491
0.0023342

0.0160662
0.0141146
0.0117184
0.00945354
0.00745152
0.00573467
0.00436211
0.00335125
0.00268608
0.00233151

0.0159904
0.0141116
0.0117147
0.00946214
0.00743459
0.00573996
0.00436555
0.0033523
0.00268918
0.00233017

0.0160855
0.0140965
0.0117354
0.00946356
0.00743537
0.00573656
0.00436498
0.00335557
0.00268785
0.00233499

0.0161099
0.0140769
0.0117488
0.00947533
0.00744591
0.00572376
0.00436491
0.00335411
0.00268692
0.00233468

0.0160114
0.0140856
0.0117377
0.00946817
0.00746863
0.00573197
0.0043612
0.00335199
0.00268517
0.00233683

0.0160504
0.014116
0.0117083
0.00945804
0.00744656
0.00573564
0.00435415
0.00335402
0.00268482
0.00233133

0.0160353
0.014064
0.011743
0.00945523
0.00744526
0.00572349
0.00436053
0.0033524
0.0026825
0.00233049

cubic
4

0.0160429
0.0140625
0.0117411
0.00950489
0.00744279
0.00573387
0.0043583
0.00335238
0.00269043
0.00233769

0.0160273
0.0140487
0.0117553
0.00946435
0.00745313
0.00573328
0.0043621
0.00335424
0.00268747
0.00233309

0.0160246
0.0140294
0.0117577
0.00949887
0.00744487
0.00573813
0.00436434
0.00335097
0.00268279
0.0023357

0.0160516
0.0140843
0.0117684
0.00946365
0.00743633
0.00572515
0.00436501
0.00335257
0.00268437
0.00232825

0.0160023
0.0140763
0.0117235
0.00945551
0.00744907
0.00573243
0.00436193
0.00335222
0.00269222
0.0023322

0.0160514
0.0140595
0.0117282
0.00946625
0.00746631
0.00572481
0.00436766
0.00334853
0.00268476
0.00233416

0.0159913
0.0141112
0.0117422
0.00946742
0.00743348
0.00572286
0.00436831
0.00335003
0.00269071
0.00233266

0.0160694
0.0140903
0.0117901
0.00948519
0.00744166
0.00573362
0.00435802
0.00334724
0.00268586
0.00233511

0.0160627
0.0140636
0.0117231
0.00948612
0.00744607
0.00573771
0.00436681
0.00334801
0.00268274
0.00233223

0.0160704
0.014099
0.0117344
0.00948033
0.00744188
0.00574227
0.00436851
0.00334695
0.00268977
0.00233671

cubic
4

0.016009
0.0140855
0.0117113
0.00948098
0.00743911
0.00572754
0.00435395
0.00335004
0.00268199
0.0023353

0.0160228
0.014059
0.0117599
0.00946314
0.00745297
0.0057407
0.00436214
0.00335681
0.00268211
0.00233357

0.0160355
0.0140736
0.0117598
0.0094751
0.00744205
0.00572834
0.00436583
0.00335393
0.00268381
0.00233598

0.0160147
0.0141077
0.0117603
0.00944586
0.00744899
0.00572349
0.00436057
0.00335601
0.0026873
0.00233156

0.0160794
0.0140699
0.011739
0.00944592
0.0074391
0.00573325
0.00436481
0.00334821
0.00268919
0.00233348

0.0160594
0.0140846
0.0117211
0.00946712
0.00744441
0.00572286
0.004363
0.00335413
0.00268067
0.00233471

0.0160364
0.0140978
0.0117323
0.00946568
0.00744672
0.00573502
0.00435799
0.00334687
0.0026886
0.00232947

0.0160601
0.0140524
0.0117633
0.00947774
0.00745325
0.00573035
0.00436435
0.00335051
0.00268373
0.00233693

0.0160054
0.0140859
0.0117638
0.00948674
0.00744022
0.00573645
0.00435607
0.00335224
0.00268253
0.002334

0.0160453
0.0141057
0.0117331
0.00945845
0.00744578
0.00573054
0.00436506
0.00335395
0.00268352
0.00233342

