cubic
5

0.0167122
0.0144269
0.0118519
0.00953362
0.00749248
0.00575547
0.00437426
0.00336068
0.00269156
0.00233666

0.0166277
0.014376
0.0118597
0.00953468
0.00748027
0.00573977
0.00437252
0.00335637
0.00268991
0.00233875

0.0166827
0.0143955
0.0118249
0.00953224
0.00748105
0.00573964
0.00437219
0.00336437
0.00268945
0.00233459

0.0166326
0.0144012
0.0118781
0.00953575
0.00746732
0.0057543
0.00436887
0.00336301
0.00268913
0.00233851

0.0166244
0.0143907
0.0118377
0.00952694
0.00746119
0.00574878
0.00436795
0.00336291
0.00269346
0.00233834

0.0166556
0.0143505
0.0118475
0.00955247
0.00748667
0.00575044
0.00436667
0.00335747
0.00269137
0.00234011

0.0167095
0.0143868
0.01184
0.00952619
0.00747137
0.00575369
0.00437603
0.00336177
0.00268969
0.00233908

0.0167046
0.0143696
0.0118629
0.00952989
0.00747294
0.00575828
0.00437465
0.00336237
0.00268729
0.0023411

0.0166443
0.0144086
0.0118502
0.00953771
0.00748523
0.00574603
0.00437594
0.00336288
0.00269197
0.00233906

0.0166665
0.0143558
0.0118695
0.00953284
0.00748733
0.00575344
0.00437401
0.00336101
0.00269302
0.00233969

