cubic
2

0.0124855
0.0115236
0.0100963
0.00866628
0.00696013
0.0054734
0.00419721
0.00320254
0.00259508
0.00225563

0.0124426
0.0115209
0.0102039
0.00865573
0.006968
0.0054855
0.00419474
0.00324558
0.00261635
0.00225322

0.0123897
0.0116028
0.0101835
0.00863138
0.00697579
0.00546712
0.00420735
0.00324082
0.00260055
0.0022714

0.0124869
0.0114436
0.0102632
0.00866943
0.00705472
0.00546241
0.00421554
0.00323637
0.00260872
0.0022622

0.0124098
0.0115273
0.01022
0.00866406
0.00699427
0.00549085
0.00420085
0.00324407
0.00259144
0.00227708

0.0124287
0.0115951
0.0101945
0.00859669
0.00694756
0.00549526
0.00421551
0.0032457
0.00258743
0.00226161

0.0122923
0.0114303
0.010277
0.00861103
0.00698821
0.00547589
0.00419667
0.00326918
0.00262106
0.00226773

0.0124618
0.0116041
0.0102362
0.00857711
0.00700474
0.00546132
0.00417992
0.00322229
0.00259853
0.00228104

0.0125077
0.0116305
0.0102071
0.00855094
0.007018
0.0054116
0.00419654
0.00323664
0.00263162
0.00225456

0.0123827
0.011448
0.0101542
0.00860797
0.00696941
0.00546532
0.00419792
0.00323519
0.0026124
0.00226251

cubic
2

0.0123876
0.0115177
0.0102119
0.0086439
0.00694368
0.00543985
0.00417771
0.00324747
0.0025943
0.00226936

0.0123528
0.0116463
0.0102512
0.00864887
0.00702519
0.00547842
0.00419407
0.00323474
0.0025948
0.00227749

0.0123741
0.0116024
0.0102038
0.00863442
0.00697917
0.00547159
0.00419117
0.00323828
0.00260364
0.00226198

0.0124455
0.0115572
0.0101895
0.00861947
0.00695975
0.005496
0.00420856
0.00325786
0.00259356
0.00226075

0.0124233
0.0115591
0.0102501
0.008647
0.00698035
0.00547536
0.00421098
0.00324079
0.00260933
0.00226498

0.0124273
0.0114508
0.0102791
0.00865967
0.00698586
0.00544963
0.00420437
0.00324288
0.0026012
0.0022627

0.0123567
0.0116069
0.0101985
0.0086104
0.00698089
0.0054782
0.00422393
0.0032245
0.00260396
0.00226082

0.0123739
0.0115656
0.0102038
0.00853769
0.00698017
0.00545251
0.00421053
0.00324219
0.00260685
0.00226879

0.0124156
0.0115224
0.0102154
0.00864028
0.00699029
0.00545461
0.00421246
0.00323423
0.00261055
0.00227315

0.0123567
0.0116061
0.0101582
0.00861656
0.00699256
0.00545493
0.00419243
0.00324418
0.00258994
0.00226197

cubic
2

0.0123944
0.0115733
0.0102116
0.00856421
0.00697549
0.00546617
0.00419922
0.00325562
0.00260189
0.00226401

0.0124149
0.0115283
0.0101636
0.00859437
0.00698904
0.00546823
0.00419907
0.00323115
0.0026013
0.00226898

0.0123749
0.0116313
0.010214
0.00861806
0.00695921
0.00547008
0.00422209
0.00325385
0.0026024
0.00227588

0.0124053
0.0115121
0.0101587
0.00857321
0.00696499
0.00547126
0.00418356
0.00323925
0.00259717
0.00225154

0.0123457
0.011557
0.0101814
0.0086197
0.00695483
0.00546811
0.00421479
0.00323972
0.0026109
0.0022606

0.0124297
0.0115287
0.01021
0.00863394
0.00699707
0.00545639
0.00419465
0.00323773
0.00260845
0.00226002

0.012383
0.0115713
0.0102643
0.00860163
0.00697891
0.00547688
0.00422288
0.00325765
0.00260841
0.00226532

0.0123258
0.0115327
0.0101876
0.00859982
0.0070036
0.00547021
0.00419562
0.00323675
0.00260151
0.00228008

0.0124218
0.0116249
0.0102667
0.00859759
0.00698556
0.00545749
0.00418474
0.0032428
0.00260516
0.00225828

0.0123829
0.011563
0.0102066
0.00865274
0.00697329
0.00544548
0.00420092
0.00323398
0.00261918
0.00225173

cubic
2

0.012343
0.0114855
0.0101929
0.00856921
0.00697037
0.00548582
0.00419164
0.00323981
0.00259135
0.00226681

0.0123951
0.0115199
0.0102218
0.00865283
0.00701306
0.00546082
0.00417912
0.00323756
0.00260723
0.00226205

0.0124443
0.0116451
0.0102809
0.00858421
0.0069909
0.00545214
0.00421325
0.00324247
0.00260629
0.00225068

0.0123937
0.0114934
0.0102133
0.00868975
0.00695091
0.00544616
0.00420323
0.0032582
0.00259723
0.00225376

0.0123623
0.0115438
0.010182
0.00863387
0.00694937
0.00547334
0.00417872
0.0032408
0.00260923
0.00227442

0.0123061
0.0115703
0.0102181
0.008586
0.00698017
0.0054558
0.0042192
0.00325779
0.00260028
0.00226089

0.0124129
0.0115679
0.0102247
0.00860604
0.0069718
0.00544219
0.00419777
0.00325223
0.00260147
0.00226769

0.0123487
0.011539
0.0102237
0.00861783
0.00696425
0.00549981
0.00420994
0.00324352
0.00259415
0.00227291

0.0123982
0.011505
0.010218
0.00861548
0.0069551
0.00548234
0.0041897
0.00324458
0.00259753
0.00225416

0.0124748
0.0115343
0.0102308
0.00858248
0.00697506
0.00542925
0.00421127
0.00323911
0.00260502
0.00226323

cubic
2

0.0124281
0.0114969
0.0102002
0.00863632
0.00696165
0.00545626
0.00417771
0.00325077
0.00262942
0.00226219

0.0123502
0.0115845
0.0102342
0.00859433
0.00694864
0.00549791
0.00419778
0.00324001
0.00261586
0.0022553

0.0124129
0.0115638
0.0101839
0.00866422
0.00696294
0.00544365
0.00420542
0.00322572
0.00261389
0.00225417

0.012272
0.011552
0.0101812
0.00861785
0.00697208
0.00545983
0.0041888
0.00323176
0.00260575
0.00226167

0.0124217
0.0115115
0.0102964
0.00862679
0.00696542
0.00543672
0.00421506
0.0032514
0.00261608
0.00227407

0.0124491
0.0115084
0.0101868
0.00860641
0.00700991
0.00547556
0.00421066
0.00322838
0.00259024
0.0022539

0.0124501
0.0115917
0.0102904
0.00859248
0.00697157
0.00545863
0.00419171
0.00322284
0.00260115
0.00226394

0.0123423
0.0115566
0.0102154
0.00860823
0.00697353
0.00547808
0.00419371
0.00325556
0.00260748
0.00227529

0.0123719
0.0115564
0.0102222
0.00863058
0.00697556
0.0054908
0.00420358
0.00323386
0.00260761
0.00226337

0.0123312
0.0114941
0.0102234
0.00862015
0.00697661
0.00546915
0.00421826
0.00324776
0.00261725
0.00226429

