cubic
3

0.0149087
0.0133867
0.0113437
0.00928053
0.00735259
0.00568328
0.00432457
0.00332673
0.00267348
0.00232008

0.0149094
0.0134489
0.0113804
0.00930538
0.00736964
0.00568543
0.0043297
0.00332932
0.00267309
0.00231807

0.0149466
0.0133325
0.0113669
0.00929531
0.00734472
0.00568435
0.00433504
0.00334192
0.00266346
0.00232096

0.0149627
0.0133797
0.0113679
0.00927637
0.00737007
0.00568801
0.00433447
0.00332559
0.00267404
0.00232223

0.0148809
0.0133551
0.0113859
0.00929426
0.00736929
0.00568139
0.00433317
0.00333267
0.00266932
0.00232412

0.0149208
0.0133464
0.0113678
0.00930892
0.00734968
0.00567496
0.00433195
0.00333439
0.00267114
0.00232342

0.0149629
0.0134176
0.0113681
0.00930018
0.00733896
0.00566424
0.0043433
0.00332934
0.00265937
0.00231745

0.0148851
0.013405
0.0113077
0.00931856
0.00735436
0.00566959
0.00434246
0.00332427
0.00267098
0.00232701

0.0149091
0.013336
0.0114052
0.00927492
0.00733781
0.00567922
0.00433299
0.00333437
0.00267249
0.0023184

0.0149298
0.0133753
0.0114264
0.00931737
0.00736027
0.00567114
0.00432497
0.00333131
0.00266999
0.00230984

cubic
3

0.0148545
0.0134514
0.0114418
0.00929202
0.00732591
0.005704
0.0043215
0.00333895
0.00265638
0.00231601

0.0147778
0.0135409
0.0113664
0.00930077
0.00731376
0.00567623
0.00432568
0.00334179
0.00267163
0.00233388

0.014746
0.0134323
0.0113447
0.00928604
0.00734002
0.00568308
0.00435068
0.00332337
0.00266308
0.00232472

0.0149064
0.0134008
0.0114269
0.0093102
0.00739729
0.0056858
0.00432036
0.00334052
0.00265729
0.00230934

0.0149399
0.0133438
0.0113386
0.00927176
0.0073204
0.00568464
0.0043406
0.00334904
0.00266022
0.00233165

0.0146973
0.0134093
0.0113853
0.00928442
0.00734052
0.00568661
0.00433172
0.00332902
0.00268051
0.00231816

0.014879
0.0134382
0.0113977
0.00935787
0.00737869
0.00572463
0.00430679
0.0033295
0.00266458
0.00232522

0.0149213
0.0133514
0.0114764
0.00931245
0.00735853
0.00570696
0.00432503
0.00334554
0.0026656
0.0023305

0.014902
0.0134126
0.0113756
0.0092644
0.00735599
0.00567237
0.00432401
0.00334797
0.00267264
0.00232479

0.0148262
0.0133434
0.0114057
0.0093036
0.00737542
0.00571904
0.00433157
0.00332626
0.00266347
0.0023258

cubic
3

0.014926
0.0133586
0.0113956
0.00926073
0.00738292
0.00568
0.00432356
0.00332634
0.00267246
0.00232747

0.0149125
0.0134068
0.0113721
0.00927364
0.00737808
0.00567937
0.00433741
0.00333225
0.00267069
0.00232355

0.0149071
0.0133788
0.0113863
0.00932889
0.00733411
0.005683
0.00433435
0.00332829
0.00268273
0.00232097

0.0149537
0.0133881
0.0113907
0.00930277
0.00737755
0.00565113
0.00433664
0.00332662
0.0026675
0.00231948

0.0148447
0.0133979
0.0114051
0.00928017
0.0073148
0.00567277
0.00433453
0.00331923
0.00266248
0.0023198

0.0149077
0.0134472
0.0113993
0.0093115
0.00736892
0.00568195
0.00433332
0.00332707
0.00267259
0.00232349

0.0148562
0.0134082
0.0113521
0.00931149
0.0073203
0.00567868
0.00433511
0.00331192
0.00267127
0.00231437

0.0149981
0.0134774
0.0113957
0.00928763
0.00734807
0.00565954
0.00434952
0.00332476
0.00266423
0.00232034

0.0148941
0.0134072
0.0113356
0.00927727
0.00737181
0.00569454
0.00433896
0.0033281
0.00266196
0.00231627

0.0148796
0.0134298
0.0114302
0.00926633
0.00734873
0.00566449
0.00431796
0.00332452
0.00266261
0.00231765

cubic
3

0.0149327
0.0134214
0.0114067
0.00930016
0.00735355
0.00570106
0.00433586
0.00332526
0.00267476
0.00231754

0.0149252
0.0134056
0.0113935
0.00927173
0.00734477
0.00567266
0.00433389
0.00333278
0.00267405
0.00232433

0.0148977
0.0134259
0.0113537
0.00927743
0.00734512
0.00567733
0.00431945
0.00333048
0.00267131
0.0023225

0.014891
0.0134102
0.0113675
0.00931662
0.00736707
0.00567997
0.00433597
0.0033286
0.00267001
0.00232319

0.0148649
0.0133904
0.011418
0.00926618
0.00736462
0.00565829
0.00433988
0.00333373
0.00266643
0.00232113

0.0148443
0.0133916
0.0113704
0.0093227
0.0073339
0.00567139
0.00434172
0.00333206
0.00267684
0.00232235

0.0148797
0.0134044
0.0113576
0.0093386
0.00736507
0.00568053
0.00433499
0.00333471
0.00267216
0.00231378

0.0148533
0.0133671
0.0113482
0.00932094
0.00735475
0.00566922
0.00431504
0.00332225
0.00267258
0.00232291

0.0149154
0.0134386
0.0113528
0.0092867
0.00736494
0.00569505
0.00433806
0.00333627
0.00266762
0.00232385

0.0148424
0.0134637
0.0114194
0.00925758
0.00735998
0.00569274
0.00432454
0.00332541
0.00266987
0.00231689

cubic
3

0.0148301
0.0134202
0.0113894
0.00928308
0.00736279
0.00569103
0.00432686
0.00332066
0.00267146
0.00231745

0.0148976
0.0133453
0.0113832
0.00928792
0.00737841
0.00567885
0.00433015
0.00332648
0.00266634
0.00232182

0.0149244
0.0134198
0.0113894
0.00932182
0.00733197
0.00567829
0.0043328
0.00333862
0.00267382
0.00232373

0.0149726
0.0133747
0.0113623
0.00929619
0.0073482
0.00568627
0.00433002
0.00332742
0.00266775
0.00232066

0.0148855
0.0133955
0.0113441
0.00930943
0.00733946
0.00565927
0.00433661
0.00333375
0.00266431
0.00232306

0.0149126
0.0134018
0.0114018
0.00929768
0.0073153
0.00566428
0.00433567
0.00333062
0.00267018
0.00231792

0.0148647
0.0134181
0.0113886
0.00932528
0.00735025
0.00567561
0.00432286
0.00332928
0.00266202
0.00231639

0.0149789
0.0134507
0.01142
0.00929416
0.00737493
0.00568604
0.00434236
0.00332941
0.00266719
0.00231942

0.0149309
0.0133496
0.0113415
0.00925844
0.00733004
0.00567847
0.00433458
0.00333914
0.0026682
0.0023195

0.0148296
0.013384
0.0114055
0.00933364
0.00734022
0.00566934
0.00432886
0.00333792
0.00267642
0.00232222

